{"F:\\副业项目\\宠物用品优选\\pet-selection-site\\components\\Hero.js": {"path":"F:\\副业项目\\宠物用品优选\\pet-selection-site\\components\\Hero.js","statementMap":{"0":{"start":{"line":69,"column":0},"end":{"line":69,"column":15}},"1":{"start":{"line":1,"column":18},"end":{"line":1,"column":null}},"2":{"start":{"line":3,"column":13},"end":{"line":67,"column":null}},"3":{"start":{"line":69,"column":15},"end":{"line":69,"column":null}}},"fnMap":{"0":{"name":"(anonymous_2)","decl":{"start":{"line":3,"column":13},"end":{"line":3,"column":null}},"loc":{"start":{"line":3,"column":13},"end":{"line":67,"column":null}}}},"branchMap":{},"s":{"0":8,"1":1,"2":1,"3":1},"f":{"0":8},"b":{}}
,"F:\\副业项目\\宠物用品优选\\pet-selection-site\\components\\MobileNav.js": {"path":"F:\\副业项目\\宠物用品优选\\pet-selection-site\\components\\MobileNav.js","statementMap":{"0":{"start":{"line":52,"column":0},"end":{"line":52,"column":15}},"1":{"start":{"line":1,"column":43},"end":{"line":1,"column":null}},"2":{"start":{"line":2,"column":24},"end":{"line":2,"column":null}},"3":{"start":{"line":4,"column":18},"end":{"line":50,"column":null}},"4":{"start":{"line":5,"column":36},"end":{"line":5,"column":null}},"5":{"start":{"line":7,"column":2},"end":{"line":15,"column":null}},"6":{"start":{"line":8,"column":28},"end":{"line":11,"column":null}},"7":{"start":{"line":9,"column":19},"end":{"line":9,"column":null}},"8":{"start":{"line":10,"column":6},"end":{"line":10,"column":null}},"9":{"start":{"line":10,"column":46},"end":{"line":10,"column":65}},"10":{"start":{"line":12,"column":4},"end":{"line":12,"column":null}},"11":{"start":{"line":13,"column":4},"end":{"line":13,"column":null}},"12":{"start":{"line":14,"column":4},"end":{"line":14,"column":null}},"13":{"start":{"line":14,"column":17},"end":{"line":14,"column":null}},"14":{"start":{"line":52,"column":15},"end":{"line":52,"column":null}}},"fnMap":{"0":{"name":"(anonymous_4)","decl":{"start":{"line":4,"column":18},"end":{"line":4,"column":null}},"loc":{"start":{"line":4,"column":18},"end":{"line":50,"column":null}}},"1":{"name":"(anonymous_5)","decl":{"start":{"line":7,"column":12},"end":{"line":7,"column":null}},"loc":{"start":{"line":7,"column":12},"end":{"line":15,"column":5}}},"2":{"name":"(anonymous_6)","decl":{"start":{"line":8,"column":28},"end":{"line":8,"column":null}},"loc":{"start":{"line":8,"column":28},"end":{"line":11,"column":null}}},"3":{"name":"(anonymous_7)","decl":{"start":{"line":10,"column":31},"end":{"line":10,"column":32}},"loc":{"start":{"line":10,"column":46},"end":{"line":10,"column":65}}},"4":{"name":"(anonymous_8)","decl":{"start":{"line":14,"column":11},"end":{"line":14,"column":17}},"loc":{"start":{"line":14,"column":17},"end":{"line":14,"column":null}}}},"branchMap":{"0":{"loc":{"start":{"line":35,"column":9},"end":{"line":35,"column":null}},"type":"binary-expr","locations":[{"start":{"line":35,"column":9},"end":{"line":35,"column":null}}]}},"s":{"0":7,"1":1,"2":1,"3":1,"4":9,"5":9,"6":7,"7":8,"8":8,"9":3,"10":7,"11":7,"12":7,"13":7,"14":1},"f":{"0":9,"1":7,"2":8,"3":3,"4":7},"b":{"0":[9]}}
,"F:\\副业项目\\宠物用品优选\\pet-selection-site\\components\\Navbar.js": {"path":"F:\\副业项目\\宠物用品优选\\pet-selection-site\\components\\Navbar.js","statementMap":{"0":{"start":{"line":171,"column":0},"end":{"line":171,"column":15}},"1":{"start":{"line":1,"column":43},"end":{"line":1,"column":null}},"2":{"start":{"line":2,"column":24},"end":{"line":2,"column":null}},"3":{"start":{"line":3,"column":24},"end":{"line":3,"column":null}},"4":{"start":{"line":4,"column":36},"end":{"line":4,"column":null}},"5":{"start":{"line":6,"column":15},"end":{"line":169,"column":null}},"6":{"start":{"line":7,"column":28},"end":{"line":7,"column":null}},"7":{"start":{"line":8,"column":42},"end":{"line":8,"column":null}},"8":{"start":{"line":9,"column":34},"end":{"line":9,"column":null}},"9":{"start":{"line":10,"column":36},"end":{"line":10,"column":null}},"10":{"start":{"line":11,"column":46},"end":{"line":11,"column":null}},"11":{"start":{"line":13,"column":2},"end":{"line":31,"column":null}},"12":{"start":{"line":14,"column":25},"end":{"line":16,"column":null}},"13":{"start":{"line":15,"column":6},"end":{"line":15,"column":null}},"14":{"start":{"line":18,"column":28},"end":{"line":21,"column":null}},"15":{"start":{"line":19,"column":19},"end":{"line":19,"column":null}},"16":{"start":{"line":20,"column":6},"end":{"line":20,"column":null}},"17":{"start":{"line":20,"column":46},"end":{"line":20,"column":65}},"18":{"start":{"line":23,"column":4},"end":{"line":23,"column":null}},"19":{"start":{"line":24,"column":4},"end":{"line":24,"column":null}},"20":{"start":{"line":25,"column":4},"end":{"line":25,"column":null}},"21":{"start":{"line":27,"column":4},"end":{"line":30,"column":null}},"22":{"start":{"line":28,"column":6},"end":{"line":28,"column":null}},"23":{"start":{"line":29,"column":6},"end":{"line":29,"column":null}},"24":{"start":{"line":33,"column":19},"end":{"line":39,"column":null}},"25":{"start":{"line":56,"column":14},"end":{"line":56,"column":25}},"26":{"start":{"line":67,"column":31},"end":{"line":67,"column":null}},"27":{"start":{"line":94,"column":33},"end":{"line":94,"column":null}},"28":{"start":{"line":108,"column":29},"end":{"line":108,"column":null}},"29":{"start":{"line":126,"column":14},"end":{"line":127,"column":null}},"30":{"start":{"line":129,"column":31},"end":{"line":129,"column":null}},"31":{"start":{"line":144,"column":22},"end":{"line":144,"column":null}},"32":{"start":{"line":145,"column":22},"end":{"line":145,"column":null}},"33":{"start":{"line":155,"column":33},"end":{"line":155,"column":null}},"34":{"start":{"line":166,"column":56},"end":{"line":166,"column":null}},"35":{"start":{"line":171,"column":15},"end":{"line":171,"column":null}}},"fnMap":{"0":{"name":"(anonymous_5)","decl":{"start":{"line":6,"column":15},"end":{"line":6,"column":null}},"loc":{"start":{"line":6,"column":15},"end":{"line":169,"column":null}}},"1":{"name":"(anonymous_6)","decl":{"start":{"line":13,"column":12},"end":{"line":13,"column":null}},"loc":{"start":{"line":13,"column":12},"end":{"line":31,"column":5}}},"2":{"name":"(anonymous_7)","decl":{"start":{"line":14,"column":25},"end":{"line":14,"column":null}},"loc":{"start":{"line":14,"column":25},"end":{"line":16,"column":null}}},"3":{"name":"(anonymous_8)","decl":{"start":{"line":18,"column":28},"end":{"line":18,"column":null}},"loc":{"start":{"line":18,"column":28},"end":{"line":21,"column":null}}},"4":{"name":"(anonymous_9)","decl":{"start":{"line":20,"column":31},"end":{"line":20,"column":32}},"loc":{"start":{"line":20,"column":46},"end":{"line":20,"column":65}}},"5":{"name":"(anonymous_10)","decl":{"start":{"line":27,"column":11},"end":{"line":27,"column":null}},"loc":{"start":{"line":27,"column":11},"end":{"line":30,"column":null}}},"6":{"name":"(anonymous_11)","decl":{"start":{"line":55,"column":26},"end":{"line":55,"column":27}},"loc":{"start":{"line":56,"column":14},"end":{"line":56,"column":25}}},"7":{"name":"(anonymous_12)","decl":{"start":{"line":67,"column":25},"end":{"line":67,"column":31}},"loc":{"start":{"line":67,"column":31},"end":{"line":67,"column":null}}},"8":{"name":"(anonymous_13)","decl":{"start":{"line":94,"column":27},"end":{"line":94,"column":33}},"loc":{"start":{"line":94,"column":33},"end":{"line":94,"column":null}}},"9":{"name":"(anonymous_14)","decl":{"start":{"line":108,"column":23},"end":{"line":108,"column":29}},"loc":{"start":{"line":108,"column":29},"end":{"line":108,"column":null}}},"10":{"name":"(anonymous_15)","decl":{"start":{"line":125,"column":26},"end":{"line":125,"column":27}},"loc":{"start":{"line":126,"column":14},"end":{"line":127,"column":null}}},"11":{"name":"(anonymous_16)","decl":{"start":{"line":129,"column":25},"end":{"line":129,"column":31}},"loc":{"start":{"line":129,"column":31},"end":{"line":129,"column":null}}},"12":{"name":"(anonymous_17)","decl":{"start":{"line":143,"column":29},"end":{"line":143,"column":null}},"loc":{"start":{"line":143,"column":29},"end":{"line":146,"column":null}}},"13":{"name":"(anonymous_18)","decl":{"start":{"line":155,"column":27},"end":{"line":155,"column":33}},"loc":{"start":{"line":155,"column":33},"end":{"line":155,"column":null}}},"14":{"name":"(anonymous_19)","decl":{"start":{"line":166,"column":50},"end":{"line":166,"column":56}},"loc":{"start":{"line":166,"column":56},"end":{"line":166,"column":null}}}},"branchMap":{"0":{"loc":{"start":{"line":43,"column":107},"end":{"line":43,"column":168}},"type":"cond-expr","locations":[{"start":{"line":43,"column":118},"end":{"line":43,"column":146}},{"start":{"line":43,"column":146},"end":{"line":43,"column":168}}]},"1":{"loc":{"start":{"line":79,"column":17},"end":{"line":79,"column":null}},"type":"binary-expr","locations":[{"start":{"line":79,"column":17},"end":{"line":79,"column":null}}]},"2":{"loc":{"start":{"line":89,"column":14},"end":{"line":101,"column":15}},"type":"cond-expr","locations":[{"start":{"line":89,"column":14},"end":{"line":101,"column":15}}]},"3":{"loc":{"start":{"line":91,"column":19},"end":{"line":91,"column":75}},"type":"binary-expr","locations":[{"start":{"line":91,"column":19},"end":{"line":91,"column":41}},{"start":{"line":91,"column":41},"end":{"line":91,"column":75}}]},"4":{"loc":{"start":{"line":113,"column":18},"end":{"line":115,"column":19}},"type":"cond-expr","locations":[{"start":{"line":113,"column":18},"end":{"line":115,"column":19}}]},"5":{"loc":{"start":{"line":123,"column":9},"end":{"line":123,"column":null}},"type":"binary-expr","locations":[{"start":{"line":123,"column":9},"end":{"line":123,"column":null}}]},"6":{"loc":{"start":{"line":138,"column":16},"end":{"line":153,"column":17}},"type":"cond-expr","locations":[{"start":{"line":138,"column":16},"end":{"line":153,"column":17}}]},"7":{"loc":{"start":{"line":140,"column":21},"end":{"line":140,"column":77}},"type":"binary-expr","locations":[{"start":{"line":140,"column":21},"end":{"line":140,"column":43}},{"start":{"line":140,"column":43},"end":{"line":140,"column":77}}]}},"s":{"0":8,"1":1,"2":1,"3":1,"4":1,"5":1,"6":13,"7":13,"8":13,"9":13,"10":13,"11":13,"12":8,"13":0,"14":8,"15":8,"16":8,"17":2,"18":8,"19":8,"20":8,"21":8,"22":8,"23":8,"24":13,"25":65,"26":1,"27":1,"28":1,"29":10,"30":0,"31":0,"32":0,"33":0,"34":0,"35":1},"f":{"0":13,"1":8,"2":0,"3":8,"4":2,"5":8,"6":65,"7":1,"8":1,"9":1,"10":10,"11":0,"12":0,"13":0,"14":0},"b":{"0":[0,13],"1":[13],"2":[2],"3":[2,0],"4":[2],"5":[13],"6":[0],"7":[0,0]}}
,"F:\\副业项目\\宠物用品优选\\pet-selection-site\\components\\ProductCard.js": {"path":"F:\\副业项目\\宠物用品优选\\pet-selection-site\\components\\ProductCard.js","statementMap":{"0":{"start":{"line":58,"column":0},"end":{"line":58,"column":15}},"1":{"start":{"line":1,"column":18},"end":{"line":1,"column":null}},"2":{"start":{"line":2,"column":17},"end":{"line":2,"column":null}},"3":{"start":{"line":4,"column":20},"end":{"line":56,"column":null}},"4":{"start":{"line":58,"column":15},"end":{"line":58,"column":null}}},"fnMap":{"0":{"name":"(anonymous_2)","decl":{"start":{"line":4,"column":20},"end":{"line":4,"column":21}},"loc":{"start":{"line":4,"column":32},"end":{"line":56,"column":null}}}},"branchMap":{},"s":{"0":8,"1":1,"2":1,"3":1,"4":1},"f":{"0":8},"b":{}}
,"F:\\副业项目\\宠物用品优选\\pet-selection-site\\components\\SearchModal.js": {"path":"F:\\副业项目\\宠物用品优选\\pet-selection-site\\components\\SearchModal.js","statementMap":{"0":{"start":{"line":207,"column":0},"end":{"line":207,"column":15}},"1":{"start":{"line":1,"column":51},"end":{"line":1,"column":null}},"2":{"start":{"line":2,"column":17},"end":{"line":2,"column":null}},"3":{"start":{"line":3,"column":21},"end":{"line":3,"column":null}},"4":{"start":{"line":5,"column":17},"end":{"line":5,"column":null}},"5":{"start":{"line":7,"column":20},"end":{"line":205,"column":null}},"6":{"start":{"line":8,"column":40},"end":{"line":8,"column":null}},"7":{"start":{"line":9,"column":19},"end":{"line":9,"column":null}},"8":{"start":{"line":12,"column":2},"end":{"line":19,"column":null}},"9":{"start":{"line":13,"column":4},"end":{"line":13,"column":null}},"10":{"start":{"line":13,"column":17},"end":{"line":13,"column":null}},"11":{"start":{"line":14,"column":26},"end":{"line":16,"column":null}},"12":{"start":{"line":15,"column":6},"end":{"line":15,"column":null}},"13":{"start":{"line":15,"column":30},"end":{"line":15,"column":null}},"14":{"start":{"line":17,"column":4},"end":{"line":17,"column":null}},"15":{"start":{"line":18,"column":4},"end":{"line":18,"column":null}},"16":{"start":{"line":18,"column":17},"end":{"line":18,"column":null}},"17":{"start":{"line":22,"column":2},"end":{"line":27,"column":null}},"18":{"start":{"line":23,"column":4},"end":{"line":26,"column":null}},"19":{"start":{"line":24,"column":6},"end":{"line":24,"column":null}},"20":{"start":{"line":25,"column":6},"end":{"line":25,"column":null}},"21":{"start":{"line":25,"column":23},"end":{"line":25,"column":50}},"22":{"start":{"line":30,"column":16},"end":{"line":30,"column":null}},"23":{"start":{"line":31,"column":18},"end":{"line":37,"column":8}},"24":{"start":{"line":33,"column":8},"end":{"line":35,"column":null}},"25":{"start":{"line":35,"column":27},"end":{"line":35,"column":null}},"26":{"start":{"line":39,"column":25},"end":{"line":42,"column":null}},"27":{"start":{"line":40,"column":4},"end":{"line":40,"column":null}},"28":{"start":{"line":41,"column":4},"end":{"line":41,"column":null}},"29":{"start":{"line":44,"column":29},"end":{"line":47,"column":null}},"30":{"start":{"line":45,"column":4},"end":{"line":45,"column":null}},"31":{"start":{"line":46,"column":4},"end":{"line":46,"column":null}},"32":{"start":{"line":49,"column":2},"end":{"line":49,"column":null}},"33":{"start":{"line":49,"column":15},"end":{"line":49,"column":null}},"34":{"start":{"line":82,"column":31},"end":{"line":82,"column":null}},"35":{"start":{"line":105,"column":20},"end":{"line":106,"column":null}},"36":{"start":{"line":107,"column":37},"end":{"line":107,"column":null}},"37":{"start":{"line":156,"column":20},"end":{"line":157,"column":null}},"38":{"start":{"line":158,"column":37},"end":{"line":158,"column":null}},"39":{"start":{"line":174,"column":20},"end":{"line":175,"column":null}},"40":{"start":{"line":176,"column":37},"end":{"line":176,"column":null}},"41":{"start":{"line":207,"column":15},"end":{"line":207,"column":null}}},"fnMap":{"0":{"name":"(anonymous_5)","decl":{"start":{"line":7,"column":20},"end":{"line":7,"column":21}},"loc":{"start":{"line":7,"column":40},"end":{"line":205,"column":null}}},"1":{"name":"(anonymous_6)","decl":{"start":{"line":12,"column":12},"end":{"line":12,"column":null}},"loc":{"start":{"line":12,"column":12},"end":{"line":19,"column":5}}},"2":{"name":"(anonymous_7)","decl":{"start":{"line":14,"column":26},"end":{"line":14,"column":27}},"loc":{"start":{"line":14,"column":27},"end":{"line":16,"column":null}}},"3":{"name":"(anonymous_8)","decl":{"start":{"line":18,"column":11},"end":{"line":18,"column":17}},"loc":{"start":{"line":18,"column":17},"end":{"line":18,"column":null}}},"4":{"name":"(anonymous_9)","decl":{"start":{"line":22,"column":12},"end":{"line":22,"column":null}},"loc":{"start":{"line":22,"column":12},"end":{"line":27,"column":5}}},"5":{"name":"(anonymous_10)","decl":{"start":{"line":25,"column":17},"end":{"line":25,"column":23}},"loc":{"start":{"line":25,"column":23},"end":{"line":25,"column":50}}},"6":{"name":"(anonymous_11)","decl":{"start":{"line":32,"column":22},"end":{"line":32,"column":23}},"loc":{"start":{"line":33,"column":8},"end":{"line":35,"column":null}}},"7":{"name":"(anonymous_12)","decl":{"start":{"line":35,"column":16},"end":{"line":35,"column":17}},"loc":{"start":{"line":35,"column":27},"end":{"line":35,"column":null}}},"8":{"name":"(anonymous_13)","decl":{"start":{"line":39,"column":25},"end":{"line":39,"column":26}},"loc":{"start":{"line":39,"column":26},"end":{"line":42,"column":null}}},"9":{"name":"(anonymous_14)","decl":{"start":{"line":44,"column":29},"end":{"line":44,"column":30}},"loc":{"start":{"line":44,"column":30},"end":{"line":47,"column":null}}},"10":{"name":"(anonymous_15)","decl":{"start":{"line":82,"column":24},"end":{"line":82,"column":25}},"loc":{"start":{"line":82,"column":31},"end":{"line":82,"column":null}}},"11":{"name":"(anonymous_16)","decl":{"start":{"line":104,"column":31},"end":{"line":104,"column":32}},"loc":{"start":{"line":105,"column":20},"end":{"line":106,"column":null}}},"12":{"name":"(anonymous_17)","decl":{"start":{"line":107,"column":31},"end":{"line":107,"column":37}},"loc":{"start":{"line":107,"column":37},"end":{"line":107,"column":null}}},"13":{"name":"(anonymous_18)","decl":{"start":{"line":155,"column":32},"end":{"line":155,"column":33}},"loc":{"start":{"line":156,"column":20},"end":{"line":157,"column":null}}},"14":{"name":"(anonymous_19)","decl":{"start":{"line":158,"column":31},"end":{"line":158,"column":37}},"loc":{"start":{"line":158,"column":37},"end":{"line":158,"column":null}}},"15":{"name":"(anonymous_20)","decl":{"start":{"line":173,"column":44},"end":{"line":173,"column":45}},"loc":{"start":{"line":174,"column":20},"end":{"line":175,"column":null}}},"16":{"name":"(anonymous_21)","decl":{"start":{"line":176,"column":31},"end":{"line":176,"column":37}},"loc":{"start":{"line":176,"column":37},"end":{"line":176,"column":null}}}},"branchMap":{"0":{"loc":{"start":{"line":13,"column":4},"end":{"line":13,"column":null}},"type":"if","locations":[{"start":{"line":13,"column":4},"end":{"line":13,"column":null}},{"start":{},"end":{}}]},"1":{"loc":{"start":{"line":15,"column":6},"end":{"line":15,"column":null}},"type":"if","locations":[{"start":{"line":15,"column":6},"end":{"line":15,"column":null}},{"start":{},"end":{}}]},"2":{"loc":{"start":{"line":23,"column":4},"end":{"line":26,"column":null}},"type":"if","locations":[{"start":{"line":23,"column":4},"end":{"line":26,"column":null}},{"start":{},"end":{}}]},"3":{"loc":{"start":{"line":31,"column":18},"end":{"line":37,"column":8}},"type":"cond-expr","locations":[{"start":{"line":32,"column":6},"end":{"line":35,"column":null}},{"start":{"line":37,"column":6},"end":{"line":37,"column":8}}]},"4":{"loc":{"start":{"line":49,"column":2},"end":{"line":49,"column":null}},"type":"if","locations":[{"start":{"line":49,"column":2},"end":{"line":49,"column":null}},{"start":{},"end":{}}]},"5":{"loc":{"start":{"line":97,"column":12},"end":{"line":148,"column":null}},"type":"cond-expr","locations":[{"start":{"line":97,"column":12},"end":{"line":148,"column":null}}]},"6":{"loc":{"start":{"line":103,"column":16},"end":{"line":140,"column":17}},"type":"cond-expr","locations":[{"start":{"line":103,"column":16},"end":{"line":140,"column":17}}]},"7":{"loc":{"start":{"line":113,"column":31},"end":{"line":113,"column":null}},"type":"binary-expr","locations":[{"start":{"line":113,"column":31},"end":{"line":113,"column":50}},{"start":{"line":113,"column":54},"end":{"line":113,"column":null}}]},"8":{"loc":{"start":{"line":181,"column":31},"end":{"line":181,"column":null}},"type":"binary-expr","locations":[{"start":{"line":181,"column":31},"end":{"line":181,"column":50}},{"start":{"line":181,"column":54},"end":{"line":181,"column":null}}]}},"s":{"0":10,"1":1,"2":1,"3":1,"4":1,"5":1,"6":16,"7":16,"8":16,"9":10,"10":1,"11":9,"12":1,"13":1,"14":9,"15":9,"16":9,"17":16,"18":10,"19":9,"20":9,"21":0,"22":16,"23":16,"24":126,"25":474,"26":16,"27":0,"28":0,"29":16,"30":0,"31":0,"32":16,"33":1,"34":3,"35":10,"36":0,"37":45,"38":0,"39":27,"40":0,"41":1},"f":{"0":16,"1":10,"2":1,"3":9,"4":10,"5":0,"6":126,"7":474,"8":0,"9":0,"10":3,"11":10,"12":0,"13":45,"14":0,"15":27,"16":0},"b":{"0":[1,9],"1":[1,0],"2":[9,1],"3":[6,10],"4":[1,15],"5":[6],"6":[4],"7":[10,0],"8":[27,0]}}
,"F:\\副业项目\\宠物用品优选\\pet-selection-site\\lib\\db.ts": {"path":"F:\\副业项目\\宠物用品优选\\pet-selection-site\\lib\\db.ts","statementMap":{"0":{"start":{"line":16,"column":22},"end":{"line":16,"column":28}},"1":{"start":{"line":2,"column":21},"end":{"line":2,"column":null}},"2":{"start":{"line":3,"column":24},"end":{"line":3,"column":null}},"3":{"start":{"line":5,"column":0},"end":{"line":5,"column":null}},"4":{"start":{"line":7,"column":13},"end":{"line":14,"column":null}},"5":{"start":{"line":17,"column":17},"end":{"line":17,"column":null}},"6":{"start":{"line":18,"column":2},"end":{"line":22,"column":null}},"7":{"start":{"line":19,"column":4},"end":{"line":19,"column":null}},"8":{"start":{"line":21,"column":4},"end":{"line":21,"column":null}}},"fnMap":{"0":{"name":"query","decl":{"start":{"line":16,"column":22},"end":{"line":16,"column":28}},"loc":{"start":{"line":16,"column":59},"end":{"line":23,"column":null}}}},"branchMap":{"0":{"loc":{"start":{"line":8,"column":20},"end":{"line":8,"column":70}},"type":"binary-expr","locations":[{"start":{"line":8,"column":20},"end":{"line":8,"column":42}},{"start":{"line":8,"column":46},"end":{"line":8,"column":70}}]},"1":{"loc":{"start":{"line":11,"column":7},"end":{"line":13,"column":38}},"type":"cond-expr","locations":[{"start":{"line":12,"column":6},"end":{"line":12,"column":36}},{"start":{"line":13,"column":6},"end":{"line":13,"column":38}}]},"2":{"loc":{"start":{"line":16,"column":41},"end":{"line":16,"column":59}},"type":"default-arg","locations":[{"start":{"line":16,"column":57},"end":{"line":16,"column":59}}]}},"s":{"0":0,"1":0,"2":0,"3":0,"4":0,"5":0,"6":0,"7":0,"8":0},"f":{"0":0},"b":{"0":[0,0],"1":[0,0],"2":[0]}}
,"F:\\副业项目\\宠物用品优选\\pet-selection-site\\pages\\_app.js": {"path":"F:\\副业项目\\宠物用品优选\\pet-selection-site\\pages\\_app.js","statementMap":{"0":{"start":{"line":39,"column":0},"end":{"line":39,"column":15}},"1":{"start":{"line":1,"column":7},"end":{"line":1,"column":null}},"2":{"start":{"line":2,"column":17},"end":{"line":2,"column":null}},"3":{"start":{"line":3,"column":32},"end":{"line":3,"column":null}},"4":{"start":{"line":39,"column":15},"end":{"line":39,"column":null}}},"fnMap":{"0":{"name":"MyApp","decl":{"start":{"line":5,"column":9},"end":{"line":5,"column":15}},"loc":{"start":{"line":5,"column":39},"end":{"line":37,"column":null}}}},"branchMap":{},"s":{"0":0,"1":0,"2":0,"3":0,"4":0},"f":{"0":0},"b":{}}
,"F:\\副业项目\\宠物用品优选\\pet-selection-site\\pages\\brand-recruitment.js": {"path":"F:\\副业项目\\宠物用品优选\\pet-selection-site\\pages\\brand-recruitment.js","statementMap":{"0":{"start":{"line":153,"column":0},"end":{"line":153,"column":15}},"1":{"start":{"line":1,"column":18},"end":{"line":1,"column":null}},"2":{"start":{"line":2,"column":19},"end":{"line":2,"column":null}},"3":{"start":{"line":3,"column":22},"end":{"line":3,"column":null}},"4":{"start":{"line":5,"column":25},"end":{"line":151,"column":null}},"5":{"start":{"line":6,"column":19},"end":{"line":22,"column":null}},"6":{"start":{"line":65,"column":18},"end":{"line":65,"column":31}},"7":{"start":{"line":83,"column":18},"end":{"line":83,"column":35}},"8":{"start":{"line":104,"column":37},"end":{"line":104,"column":57}},"9":{"start":{"line":104,"column":57},"end":{"line":104,"column":83}},"10":{"start":{"line":153,"column":15},"end":{"line":153,"column":null}}},"fnMap":{"0":{"name":"(anonymous_2)","decl":{"start":{"line":5,"column":25},"end":{"line":5,"column":null}},"loc":{"start":{"line":5,"column":25},"end":{"line":151,"column":null}}},"1":{"name":"(anonymous_3)","decl":{"start":{"line":64,"column":22},"end":{"line":64,"column":23}},"loc":{"start":{"line":65,"column":18},"end":{"line":65,"column":31}}},"2":{"name":"(anonymous_4)","decl":{"start":{"line":82,"column":30},"end":{"line":82,"column":31}},"loc":{"start":{"line":83,"column":18},"end":{"line":83,"column":35}}},"3":{"name":"(anonymous_5)","decl":{"start":{"line":104,"column":28},"end":{"line":104,"column":29}},"loc":{"start":{"line":104,"column":29},"end":{"line":104,"column":86}}}},"branchMap":{},"s":{"0":0,"1":0,"2":0,"3":0,"4":0,"5":0,"6":0,"7":0,"8":0,"9":0,"10":0},"f":{"0":0,"1":0,"2":0,"3":0},"b":{}}
,"F:\\副业项目\\宠物用品优选\\pet-selection-site\\pages\\cart.js": {"path":"F:\\副业项目\\宠物用品优选\\pet-selection-site\\pages\\cart.js","statementMap":{"0":{"start":{"line":226,"column":0},"end":{"line":226,"column":15}},"1":{"start":{"line":1,"column":43},"end":{"line":1,"column":null}},"2":{"start":{"line":2,"column":19},"end":{"line":2,"column":null}},"3":{"start":{"line":3,"column":83},"end":{"line":3,"column":null}},"4":{"start":{"line":4,"column":26},"end":{"line":4,"column":null}},"5":{"start":{"line":6,"column":17},"end":{"line":224,"column":null}},"6":{"start":{"line":7,"column":26},"end":{"line":7,"column":null}},"7":{"start":{"line":8,"column":42},"end":{"line":8,"column":55}},"8":{"start":{"line":9,"column":34},"end":{"line":9,"column":null}},"9":{"start":{"line":10,"column":17},"end":{"line":10,"column":null}},"10":{"start":{"line":12,"column":2},"end":{"line":17,"column":null}},"11":{"start":{"line":13,"column":4},"end":{"line":13,"column":null}},"12":{"start":{"line":14,"column":29},"end":{"line":14,"column":null}},"13":{"start":{"line":14,"column":35},"end":{"line":14,"column":null}},"14":{"start":{"line":15,"column":4},"end":{"line":15,"column":null}},"15":{"start":{"line":16,"column":4},"end":{"line":16,"column":null}},"16":{"start":{"line":16,"column":17},"end":{"line":16,"column":null}},"17":{"start":{"line":19,"column":16},"end":{"line":19,"column":null}},"18":{"start":{"line":19,"column":43},"end":{"line":19,"column":75}},"19":{"start":{"line":21,"column":27},"end":{"line":27,"column":null}},"20":{"start":{"line":22,"column":4},"end":{"line":22,"column":null}},"21":{"start":{"line":23,"column":18},"end":{"line":23,"column":null}},"22":{"start":{"line":24,"column":4},"end":{"line":26,"column":null}},"23":{"start":{"line":25,"column":6},"end":{"line":25,"column":null}},"24":{"start":{"line":29,"column":2},"end":{"line":58,"column":null}},"25":{"start":{"line":42,"column":31},"end":{"line":42,"column":null}},"26":{"start":{"line":48,"column":31},"end":{"line":48,"column":null}},"27":{"start":{"line":73,"column":29},"end":{"line":73,"column":null}},"28":{"start":{"line":83,"column":16},"end":{"line":83,"column":35}},"29":{"start":{"line":98,"column":41},"end":{"line":98,"column":null}},"30":{"start":{"line":105,"column":41},"end":{"line":105,"column":null}},"31":{"start":{"line":114,"column":35},"end":{"line":114,"column":null}},"32":{"start":{"line":130,"column":20},"end":{"line":132,"column":null}},"33":{"start":{"line":131,"column":22},"end":{"line":131,"column":null}},"34":{"start":{"line":160,"column":37},"end":{"line":160,"column":null}},"35":{"start":{"line":174,"column":41},"end":{"line":174,"column":null}},"36":{"start":{"line":185,"column":41},"end":{"line":185,"column":null}},"37":{"start":{"line":195,"column":41},"end":{"line":195,"column":null}},"38":{"start":{"line":203,"column":39},"end":{"line":203,"column":null}},"39":{"start":{"line":226,"column":15},"end":{"line":226,"column":null}}},"fnMap":{"0":{"name":"(anonymous_5)","decl":{"start":{"line":6,"column":17},"end":{"line":6,"column":null}},"loc":{"start":{"line":6,"column":17},"end":{"line":224,"column":null}}},"1":{"name":"(anonymous_6)","decl":{"start":{"line":12,"column":12},"end":{"line":12,"column":null}},"loc":{"start":{"line":12,"column":12},"end":{"line":17,"column":5}}},"2":{"name":"(anonymous_7)","decl":{"start":{"line":14,"column":29},"end":{"line":14,"column":35}},"loc":{"start":{"line":14,"column":35},"end":{"line":14,"column":null}}},"3":{"name":"(anonymous_8)","decl":{"start":{"line":16,"column":11},"end":{"line":16,"column":17}},"loc":{"start":{"line":16,"column":17},"end":{"line":16,"column":null}}},"4":{"name":"(anonymous_9)","decl":{"start":{"line":19,"column":28},"end":{"line":19,"column":29}},"loc":{"start":{"line":19,"column":43},"end":{"line":19,"column":75}}},"5":{"name":"(anonymous_10)","decl":{"start":{"line":21,"column":27},"end":{"line":21,"column":28}},"loc":{"start":{"line":21,"column":28},"end":{"line":27,"column":null}}},"6":{"name":"(anonymous_11)","decl":{"start":{"line":42,"column":25},"end":{"line":42,"column":31}},"loc":{"start":{"line":42,"column":31},"end":{"line":42,"column":null}}},"7":{"name":"(anonymous_12)","decl":{"start":{"line":48,"column":25},"end":{"line":48,"column":31}},"loc":{"start":{"line":48,"column":31},"end":{"line":48,"column":null}}},"8":{"name":"(anonymous_13)","decl":{"start":{"line":73,"column":23},"end":{"line":73,"column":29}},"loc":{"start":{"line":73,"column":29},"end":{"line":73,"column":null}}},"9":{"name":"(anonymous_14)","decl":{"start":{"line":82,"column":24},"end":{"line":82,"column":25}},"loc":{"start":{"line":83,"column":16},"end":{"line":83,"column":35}}},"10":{"name":"(anonymous_15)","decl":{"start":{"line":98,"column":35},"end":{"line":98,"column":41}},"loc":{"start":{"line":98,"column":41},"end":{"line":98,"column":null}}},"11":{"name":"(anonymous_16)","decl":{"start":{"line":105,"column":35},"end":{"line":105,"column":41}},"loc":{"start":{"line":105,"column":41},"end":{"line":105,"column":null}}},"12":{"name":"(anonymous_17)","decl":{"start":{"line":114,"column":29},"end":{"line":114,"column":35}},"loc":{"start":{"line":114,"column":35},"end":{"line":114,"column":null}}},"13":{"name":"(anonymous_18)","decl":{"start":{"line":129,"column":27},"end":{"line":129,"column":null}},"loc":{"start":{"line":129,"column":27},"end":{"line":133,"column":null}}},"14":{"name":"(anonymous_19)","decl":{"start":{"line":160,"column":31},"end":{"line":160,"column":37}},"loc":{"start":{"line":160,"column":37},"end":{"line":160,"column":null}}},"15":{"name":"(anonymous_20)","decl":{"start":{"line":174,"column":34},"end":{"line":174,"column":35}},"loc":{"start":{"line":174,"column":41},"end":{"line":174,"column":null}}},"16":{"name":"(anonymous_21)","decl":{"start":{"line":185,"column":34},"end":{"line":185,"column":35}},"loc":{"start":{"line":185,"column":41},"end":{"line":185,"column":null}}},"17":{"name":"(anonymous_22)","decl":{"start":{"line":195,"column":34},"end":{"line":195,"column":35}},"loc":{"start":{"line":195,"column":41},"end":{"line":195,"column":null}}},"18":{"name":"(anonymous_23)","decl":{"start":{"line":203,"column":33},"end":{"line":203,"column":39}},"loc":{"start":{"line":203,"column":39},"end":{"line":203,"column":null}}}},"branchMap":{"0":{"loc":{"start":{"line":24,"column":4},"end":{"line":26,"column":null}},"type":"if","locations":[{"start":{"line":24,"column":4},"end":{"line":26,"column":null}},{"start":{},"end":{}}]},"1":{"loc":{"start":{"line":29,"column":2},"end":{"line":58,"column":null}},"type":"if","locations":[{"start":{"line":29,"column":2},"end":{"line":58,"column":null}},{"start":{},"end":{}}]},"2":{"loc":{"start":{"line":70,"column":10},"end":{"line":80,"column":11}},"type":"cond-expr","locations":[{"start":{"line":70,"column":10},"end":{"line":80,"column":11}}]},"3":{"loc":{"start":{"line":130,"column":20},"end":{"line":132,"column":null}},"type":"if","locations":[{"start":{"line":130,"column":20},"end":{"line":132,"column":null}},{"start":{},"end":{}}]},"4":{"loc":{"start":{"line":144,"column":18},"end":{"line":167,"column":19}},"type":"cond-expr","locations":[{"start":{"line":144,"column":18},"end":{"line":167,"column":19}}]}},"s":{"0":0,"1":0,"2":0,"3":0,"4":0,"5":0,"6":0,"7":0,"8":0,"9":0,"10":0,"11":0,"12":0,"13":0,"14":0,"15":0,"16":0,"17":0,"18":0,"19":0,"20":0,"21":0,"22":0,"23":0,"24":0,"25":0,"26":0,"27":0,"28":0,"29":0,"30":0,"31":0,"32":0,"33":0,"34":0,"35":0,"36":0,"37":0,"38":0,"39":0},"f":{"0":0,"1":0,"2":0,"3":0,"4":0,"5":0,"6":0,"7":0,"8":0,"9":0,"10":0,"11":0,"12":0,"13":0,"14":0,"15":0,"16":0,"17":0,"18":0},"b":{"0":[0,0],"1":[0,0],"2":[0],"3":[0,0],"4":[0]}}
,"F:\\副业项目\\宠物用品优选\\pet-selection-site\\pages\\dashboard.js": {"path":"F:\\副业项目\\宠物用品优选\\pet-selection-site\\pages\\dashboard.js","statementMap":{"0":{"start":{"line":220,"column":0},"end":{"line":220,"column":15}},"1":{"start":{"line":1,"column":43},"end":{"line":1,"column":null}},"2":{"start":{"line":2,"column":19},"end":{"line":2,"column":null}},"3":{"start":{"line":3,"column":21},"end":{"line":3,"column":null}},"4":{"start":{"line":5,"column":26},"end":{"line":218,"column":null}},"5":{"start":{"line":6,"column":30},"end":{"line":6,"column":null}},"6":{"start":{"line":7,"column":28},"end":{"line":7,"column":null}},"7":{"start":{"line":9,"column":2},"end":{"line":19,"column":null}},"8":{"start":{"line":10,"column":25},"end":{"line":10,"column":null}},"9":{"start":{"line":11,"column":4},"end":{"line":11,"column":null}},"10":{"start":{"line":13,"column":21},"end":{"line":13,"column":null}},"11":{"start":{"line":13,"column":53},"end":{"line":13,"column":66}},"12":{"start":{"line":14,"column":4},"end":{"line":18,"column":null}},"13":{"start":{"line":21,"column":28},"end":{"line":28,"column":null}},"14":{"start":{"line":22,"column":20},"end":{"line":25,"column":null}},"15":{"start":{"line":23,"column":6},"end":{"line":23,"column":null}},"16":{"start":{"line":23,"column":28},"end":{"line":23,"column":null}},"17":{"start":{"line":24,"column":6},"end":{"line":24,"column":null}},"18":{"start":{"line":26,"column":4},"end":{"line":26,"column":null}},"19":{"start":{"line":27,"column":4},"end":{"line":27,"column":null}},"20":{"start":{"line":30,"column":30},"end":{"line":32,"column":null}},"21":{"start":{"line":31,"column":4},"end":{"line":31,"column":null}},"22":{"start":{"line":34,"column":31},"end":{"line":36,"column":null}},"23":{"start":{"line":35,"column":4},"end":{"line":35,"column":null}},"24":{"start":{"line":38,"column":29},"end":{"line":44,"column":null}},"25":{"start":{"line":39,"column":24},"end":{"line":39,"column":null}},"26":{"start":{"line":40,"column":4},"end":{"line":43,"column":null}},"27":{"start":{"line":41,"column":6},"end":{"line":41,"column":null}},"28":{"start":{"line":42,"column":6},"end":{"line":42,"column":null}},"29":{"start":{"line":67,"column":99},"end":{"line":67,"column":123}},"30":{"start":{"line":97,"column":22},"end":{"line":97,"column":41}},"31":{"start":{"line":108,"column":28},"end":{"line":108,"column":41}},"32":{"start":{"line":127,"column":32},"end":{"line":127,"column":null}},"33":{"start":{"line":128,"column":32},"end":{"line":128,"column":null}},"34":{"start":{"line":137,"column":45},"end":{"line":137,"column":null}},"35":{"start":{"line":159,"column":18},"end":{"line":159,"column":34}},"36":{"start":{"line":185,"column":18},"end":{"line":185,"column":31}},"37":{"start":{"line":220,"column":15},"end":{"line":220,"column":null}}},"fnMap":{"0":{"name":"(anonymous_5)","decl":{"start":{"line":5,"column":26},"end":{"line":5,"column":null}},"loc":{"start":{"line":5,"column":26},"end":{"line":218,"column":null}}},"1":{"name":"(anonymous_6)","decl":{"start":{"line":9,"column":12},"end":{"line":9,"column":null}},"loc":{"start":{"line":9,"column":12},"end":{"line":19,"column":5}}},"2":{"name":"(anonymous_7)","decl":{"start":{"line":13,"column":41},"end":{"line":13,"column":42}},"loc":{"start":{"line":13,"column":53},"end":{"line":13,"column":66}}},"3":{"name":"(anonymous_8)","decl":{"start":{"line":21,"column":28},"end":{"line":21,"column":29}},"loc":{"start":{"line":21,"column":38},"end":{"line":28,"column":null}}},"4":{"name":"(anonymous_9)","decl":{"start":{"line":22,"column":31},"end":{"line":22,"column":null}},"loc":{"start":{"line":22,"column":31},"end":{"line":25,"column":null}}},"5":{"name":"(anonymous_10)","decl":{"start":{"line":30,"column":30},"end":{"line":30,"column":null}},"loc":{"start":{"line":30,"column":30},"end":{"line":32,"column":null}}},"6":{"name":"(anonymous_11)","decl":{"start":{"line":34,"column":31},"end":{"line":34,"column":null}},"loc":{"start":{"line":34,"column":31},"end":{"line":36,"column":null}}},"7":{"name":"(anonymous_12)","decl":{"start":{"line":38,"column":29},"end":{"line":38,"column":30}},"loc":{"start":{"line":38,"column":30},"end":{"line":44,"column":null}}},"8":{"name":"(anonymous_13)","decl":{"start":{"line":67,"column":94},"end":{"line":67,"column":99}},"loc":{"start":{"line":67,"column":99},"end":{"line":67,"column":123}}},"9":{"name":"(anonymous_14)","decl":{"start":{"line":96,"column":35},"end":{"line":96,"column":null}},"loc":{"start":{"line":97,"column":22},"end":{"line":97,"column":41}}},"10":{"name":"(anonymous_15)","decl":{"start":{"line":107,"column":43},"end":{"line":107,"column":44}},"loc":{"start":{"line":108,"column":28},"end":{"line":108,"column":41}}},"11":{"name":"(anonymous_16)","decl":{"start":{"line":126,"column":39},"end":{"line":126,"column":null}},"loc":{"start":{"line":126,"column":39},"end":{"line":129,"column":null}}},"12":{"name":"(anonymous_17)","decl":{"start":{"line":137,"column":39},"end":{"line":137,"column":45}},"loc":{"start":{"line":137,"column":45},"end":{"line":137,"column":null}}},"13":{"name":"(anonymous_18)","decl":{"start":{"line":158,"column":30},"end":{"line":158,"column":null}},"loc":{"start":{"line":159,"column":18},"end":{"line":159,"column":34}}},"14":{"name":"(anonymous_19)","decl":{"start":{"line":184,"column":22},"end":{"line":184,"column":23}},"loc":{"start":{"line":185,"column":18},"end":{"line":185,"column":31}}}},"branchMap":{"0":{"loc":{"start":{"line":10,"column":36},"end":{"line":10,"column":null}},"type":"binary-expr","locations":[{"start":{"line":10,"column":36},"end":{"line":10,"column":78}},{"start":{"line":10,"column":78},"end":{"line":10,"column":null}}]},"1":{"loc":{"start":{"line":23,"column":6},"end":{"line":23,"column":null}},"type":"if","locations":[{"start":{"line":23,"column":6},"end":{"line":23,"column":null}},{"start":{},"end":{}}]},"2":{"loc":{"start":{"line":40,"column":4},"end":{"line":43,"column":null}},"type":"if","locations":[{"start":{"line":40,"column":4},"end":{"line":43,"column":null}},{"start":{},"end":{}}]},"3":{"loc":{"start":{"line":92,"column":21},"end":{"line":97,"column":41}},"type":"cond-expr","locations":[{"start":{"line":93,"column":22},"end":{"line":96,"column":31}},{"start":{"line":96,"column":24},"end":{"line":97,"column":41}}]},"4":{"loc":{"start":{"line":116,"column":28},"end":{"line":118,"column":null}},"type":"cond-expr","locations":[{"start":{"line":116,"column":57},"end":{"line":116,"column":null}},{"start":{"line":117,"column":28},"end":{"line":118,"column":null}}]},"5":{"loc":{"start":{"line":117,"column":28},"end":{"line":118,"column":null}},"type":"cond-expr","locations":[{"start":{"line":117,"column":57},"end":{"line":117,"column":null}},{"start":{"line":118,"column":28},"end":{"line":118,"column":null}}]},"6":{"loc":{"start":{"line":124,"column":27},"end":{"line":124,"column":null}},"type":"binary-expr","locations":[{"start":{"line":124,"column":27},"end":{"line":124,"column":null}}]},"7":{"loc":{"start":{"line":135,"column":27},"end":{"line":135,"column":null}},"type":"binary-expr","locations":[{"start":{"line":135,"column":27},"end":{"line":135,"column":null}}]}},"s":{"0":0,"1":0,"2":0,"3":0,"4":0,"5":0,"6":0,"7":0,"8":0,"9":0,"10":0,"11":0,"12":0,"13":0,"14":0,"15":0,"16":0,"17":0,"18":0,"19":0,"20":0,"21":0,"22":0,"23":0,"24":0,"25":0,"26":0,"27":0,"28":0,"29":0,"30":0,"31":0,"32":0,"33":0,"34":0,"35":0,"36":0,"37":0},"f":{"0":0,"1":0,"2":0,"3":0,"4":0,"5":0,"6":0,"7":0,"8":0,"9":0,"10":0,"11":0,"12":0,"13":0,"14":0},"b":{"0":[0,0],"1":[0,0],"2":[0,0],"3":[0,0],"4":[0,0],"5":[0,0],"6":[0],"7":[0]}}
,"F:\\副业项目\\宠物用品优选\\pet-selection-site\\pages\\index.tsx": {"path":"F:\\副业项目\\宠物用品优选\\pet-selection-site\\pages\\index.tsx","statementMap":{"0":{"start":{"line":49,"column":24},"end":{"line":49,"column":null}},"1":{"start":{"line":1,"column":27},"end":{"line":1,"column":null}},"2":{"start":{"line":2,"column":26},"end":{"line":2,"column":null}},"3":{"start":{"line":3,"column":36},"end":{"line":3,"column":null}},"4":{"start":{"line":4,"column":19},"end":{"line":4,"column":null}},"5":{"start":{"line":5,"column":17},"end":{"line":5,"column":null}},"6":{"start":{"line":7,"column":17},"end":{"line":40,"column":null}},"7":{"start":{"line":42,"column":14},"end":{"line":47,"column":null}},"8":{"start":{"line":50,"column":28},"end":{"line":50,"column":null}},"9":{"start":{"line":51,"column":17},"end":{"line":51,"column":null}},"10":{"start":{"line":52,"column":32},"end":{"line":52,"column":null}},"11":{"start":{"line":54,"column":2},"end":{"line":56,"column":null}},"12":{"start":{"line":55,"column":4},"end":{"line":55,"column":null}},"13":{"start":{"line":59,"column":21},"end":{"line":59,"column":null}},"14":{"start":{"line":108,"column":37},"end":{"line":108,"column":null}},"15":{"start":{"line":114,"column":37},"end":{"line":114,"column":null}},"16":{"start":{"line":157,"column":14},"end":{"line":157,"column":27}},"17":{"start":{"line":185,"column":14},"end":{"line":186,"column":null}},"18":{"start":{"line":187,"column":31},"end":{"line":187,"column":null}},"19":{"start":{"line":237,"column":31},"end":{"line":237,"column":null}},"20":{"start":{"line":243,"column":31},"end":{"line":243,"column":null}},"21":{"start":{"line":268,"column":31},"end":{"line":268,"column":null}},"22":{"start":{"line":277,"column":31},"end":{"line":277,"column":null}},"23":{"start":{"line":286,"column":31},"end":{"line":286,"column":null}},"24":{"start":{"line":312,"column":18},"end":{"line":312,"column":null}},"25":{"start":{"line":322,"column":18},"end":{"line":322,"column":null}},"26":{"start":{"line":335,"column":16},"end":{"line":335,"column":32}}},"fnMap":{"0":{"name":"HomePage","decl":{"start":{"line":49,"column":24},"end":{"line":49,"column":null}},"loc":{"start":{"line":49,"column":24},"end":{"line":345,"column":null}}},"1":{"name":"(anonymous_3)","decl":{"start":{"line":54,"column":12},"end":{"line":54,"column":null}},"loc":{"start":{"line":54,"column":12},"end":{"line":56,"column":5}}},"2":{"name":"(anonymous_4)","decl":{"start":{"line":108,"column":31},"end":{"line":108,"column":37}},"loc":{"start":{"line":108,"column":37},"end":{"line":108,"column":null}}},"3":{"name":"(anonymous_5)","decl":{"start":{"line":114,"column":31},"end":{"line":114,"column":37}},"loc":{"start":{"line":114,"column":37},"end":{"line":114,"column":null}}},"4":{"name":"(anonymous_6)","decl":{"start":{"line":156,"column":23},"end":{"line":156,"column":24}},"loc":{"start":{"line":157,"column":14},"end":{"line":157,"column":27}}},"5":{"name":"(anonymous_7)","decl":{"start":{"line":184,"column":26},"end":{"line":184,"column":27}},"loc":{"start":{"line":185,"column":14},"end":{"line":186,"column":null}}},"6":{"name":"(anonymous_8)","decl":{"start":{"line":187,"column":25},"end":{"line":187,"column":31}},"loc":{"start":{"line":187,"column":31},"end":{"line":187,"column":null}}},"7":{"name":"(anonymous_9)","decl":{"start":{"line":237,"column":25},"end":{"line":237,"column":31}},"loc":{"start":{"line":237,"column":31},"end":{"line":237,"column":null}}},"8":{"name":"(anonymous_10)","decl":{"start":{"line":243,"column":25},"end":{"line":243,"column":31}},"loc":{"start":{"line":243,"column":31},"end":{"line":243,"column":null}}},"9":{"name":"(anonymous_11)","decl":{"start":{"line":268,"column":25},"end":{"line":268,"column":31}},"loc":{"start":{"line":268,"column":31},"end":{"line":268,"column":null}}},"10":{"name":"(anonymous_12)","decl":{"start":{"line":277,"column":25},"end":{"line":277,"column":31}},"loc":{"start":{"line":277,"column":31},"end":{"line":277,"column":null}}},"11":{"name":"(anonymous_13)","decl":{"start":{"line":286,"column":25},"end":{"line":286,"column":31}},"loc":{"start":{"line":286,"column":31},"end":{"line":286,"column":null}}},"12":{"name":"(anonymous_14)","decl":{"start":{"line":311,"column":52},"end":{"line":311,"column":53}},"loc":{"start":{"line":312,"column":18},"end":{"line":312,"column":null}}},"13":{"name":"(anonymous_15)","decl":{"start":{"line":321,"column":54},"end":{"line":321,"column":55}},"loc":{"start":{"line":322,"column":18},"end":{"line":322,"column":null}}},"14":{"name":"(anonymous_16)","decl":{"start":{"line":334,"column":39},"end":{"line":334,"column":40}},"loc":{"start":{"line":335,"column":16},"end":{"line":335,"column":32}}}},"branchMap":{"0":{"loc":{"start":{"line":59,"column":21},"end":{"line":59,"column":null}},"type":"binary-expr","locations":[{"start":{"line":59,"column":21},"end":{"line":59,"column":32}},{"start":{"line":59,"column":32},"end":{"line":59,"column":null}}]},"1":{"loc":{"start":{"line":76,"column":16},"end":{"line":92,"column":null}},"type":"cond-expr","locations":[{"start":{"line":76,"column":16},"end":{"line":92,"column":null}}]},"2":{"loc":{"start":{"line":84,"column":23},"end":{"line":84,"column":81}},"type":"binary-expr","locations":[{"start":{"line":84,"column":23},"end":{"line":84,"column":46}},{"start":{"line":84,"column":46},"end":{"line":84,"column":81}}]},"3":{"loc":{"start":{"line":214,"column":7},"end":{"line":214,"column":null}},"type":"binary-expr","locations":[{"start":{"line":214,"column":7},"end":{"line":214,"column":null}}]},"4":{"loc":{"start":{"line":254,"column":7},"end":{"line":254,"column":null}},"type":"binary-expr","locations":[{"start":{"line":254,"column":7},"end":{"line":254,"column":null}}]}},"s":{"0":6,"1":1,"2":1,"3":1,"4":1,"5":1,"6":1,"7":1,"8":12,"9":12,"10":12,"11":12,"12":6,"13":12,"14":0,"15":0,"16":48,"17":48,"18":0,"19":0,"20":0,"21":0,"22":0,"23":0,"24":48,"25":48,"26":36},"f":{"0":12,"1":6,"2":0,"3":0,"4":48,"5":48,"6":0,"7":0,"8":0,"9":0,"10":0,"11":0,"12":48,"13":48,"14":36},"b":{"0":[12,6],"1":[1],"2":[1,0],"3":[12],"4":[12]}}
,"F:\\副业项目\\宠物用品优选\\pet-selection-site\\pages\\login.js": {"path":"F:\\副业项目\\宠物用品优选\\pet-selection-site\\pages\\login.js","statementMap":{"0":{"start":{"line":347,"column":0},"end":{"line":347,"column":15}},"1":{"start":{"line":1,"column":32},"end":{"line":1,"column":null}},"2":{"start":{"line":2,"column":26},"end":{"line":2,"column":null}},"3":{"start":{"line":3,"column":23},"end":{"line":3,"column":null}},"4":{"start":{"line":4,"column":19},"end":{"line":4,"column":null}},"5":{"start":{"line":6,"column":18},"end":{"line":345,"column":null}},"6":{"start":{"line":7,"column":17},"end":{"line":7,"column":null}},"7":{"start":{"line":8,"column":24},"end":{"line":8,"column":43}},"8":{"start":{"line":11,"column":38},"end":{"line":11,"column":null}},"9":{"start":{"line":12,"column":44},"end":{"line":12,"column":null}},"10":{"start":{"line":13,"column":40},"end":{"line":13,"column":null}},"11":{"start":{"line":14,"column":42},"end":{"line":14,"column":null}},"12":{"start":{"line":17,"column":32},"end":{"line":17,"column":null}},"13":{"start":{"line":18,"column":34},"end":{"line":18,"column":null}},"14":{"start":{"line":19,"column":40},"end":{"line":19,"column":null}},"15":{"start":{"line":20,"column":38},"end":{"line":20,"column":null}},"16":{"start":{"line":21,"column":36},"end":{"line":21,"column":null}},"17":{"start":{"line":22,"column":38},"end":{"line":22,"column":null}},"18":{"start":{"line":25,"column":23},"end":{"line":25,"column":null}},"19":{"start":{"line":25,"column":34},"end":{"line":25,"column":null}},"20":{"start":{"line":27,"column":22},"end":{"line":61,"column":null}},"21":{"start":{"line":28,"column":4},"end":{"line":28,"column":null}},"22":{"start":{"line":29,"column":19},"end":{"line":29,"column":null}},"23":{"start":{"line":30,"column":4},"end":{"line":31,"column":null}},"24":{"start":{"line":30,"column":28},"end":{"line":30,"column":null}},"25":{"start":{"line":31,"column":9},"end":{"line":31,"column":null}},"26":{"start":{"line":31,"column":40},"end":{"line":31,"column":null}},"27":{"start":{"line":32,"column":4},"end":{"line":32,"column":null}},"28":{"start":{"line":32,"column":24},"end":{"line":32,"column":null}},"29":{"start":{"line":33,"column":4},"end":{"line":33,"column":null}},"30":{"start":{"line":33,"column":62},"end":{"line":33,"column":null}},"31":{"start":{"line":35,"column":4},"end":{"line":38,"column":null}},"32":{"start":{"line":36,"column":6},"end":{"line":36,"column":null}},"33":{"start":{"line":37,"column":6},"end":{"line":37,"column":null}},"34":{"start":{"line":40,"column":4},"end":{"line":40,"column":null}},"35":{"start":{"line":41,"column":4},"end":{"line":41,"column":null}},"36":{"start":{"line":43,"column":4},"end":{"line":60,"column":null}},"37":{"start":{"line":44,"column":18},"end":{"line":48,"column":null}},"38":{"start":{"line":50,"column":6},"end":{"line":50,"column":null}},"39":{"start":{"line":52,"column":6},"end":{"line":56,"column":null}},"40":{"start":{"line":53,"column":8},"end":{"line":53,"column":null}},"41":{"start":{"line":55,"column":8},"end":{"line":55,"column":null}},"42":{"start":{"line":58,"column":6},"end":{"line":58,"column":null}},"43":{"start":{"line":59,"column":6},"end":{"line":59,"column":null}},"44":{"start":{"line":63,"column":25},"end":{"line":116,"column":null}},"45":{"start":{"line":64,"column":4},"end":{"line":64,"column":null}},"46":{"start":{"line":65,"column":19},"end":{"line":65,"column":null}},"47":{"start":{"line":67,"column":4},"end":{"line":67,"column":null}},"48":{"start":{"line":67,"column":25},"end":{"line":67,"column":null}},"49":{"start":{"line":68,"column":4},"end":{"line":68,"column":null}},"50":{"start":{"line":68,"column":64},"end":{"line":68,"column":null}},"51":{"start":{"line":70,"column":4},"end":{"line":71,"column":null}},"52":{"start":{"line":70,"column":26},"end":{"line":70,"column":null}},"53":{"start":{"line":71,"column":9},"end":{"line":71,"column":null}},"54":{"start":{"line":71,"column":38},"end":{"line":71,"column":null}},"55":{"start":{"line":73,"column":4},"end":{"line":73,"column":null}},"56":{"start":{"line":73,"column":22},"end":{"line":73,"column":null}},"57":{"start":{"line":74,"column":4},"end":{"line":74,"column":null}},"58":{"start":{"line":74,"column":47},"end":{"line":74,"column":null}},"59":{"start":{"line":75,"column":4},"end":{"line":75,"column":null}},"60":{"start":{"line":75,"column":36},"end":{"line":75,"column":null}},"61":{"start":{"line":77,"column":4},"end":{"line":80,"column":null}},"62":{"start":{"line":78,"column":6},"end":{"line":78,"column":null}},"63":{"start":{"line":79,"column":6},"end":{"line":79,"column":null}},"64":{"start":{"line":82,"column":4},"end":{"line":82,"column":null}},"65":{"start":{"line":83,"column":4},"end":{"line":83,"column":null}},"66":{"start":{"line":85,"column":4},"end":{"line":115,"column":null}},"67":{"start":{"line":86,"column":18},"end":{"line":90,"column":null}},"68":{"start":{"line":92,"column":19},"end":{"line":92,"column":null}},"69":{"start":{"line":93,"column":6},"end":{"line":93,"column":null}},"70":{"start":{"line":95,"column":6},"end":{"line":111,"column":null}},"71":{"start":{"line":96,"column":8},"end":{"line":96,"column":null}},"72":{"start":{"line":99,"column":25},"end":{"line":103,"column":null}},"73":{"start":{"line":105,"column":8},"end":{"line":110,"column":null}},"74":{"start":{"line":107,"column":10},"end":{"line":107,"column":null}},"75":{"start":{"line":109,"column":10},"end":{"line":109,"column":null}},"76":{"start":{"line":113,"column":6},"end":{"line":113,"column":null}},"77":{"start":{"line":114,"column":6},"end":{"line":114,"column":null}},"78":{"start":{"line":151,"column":20},"end":{"line":151,"column":33}},"79":{"start":{"line":167,"column":33},"end":{"line":167,"column":50}},"80":{"start":{"line":167,"column":50},"end":{"line":167,"column":70}},"81":{"start":{"line":177,"column":33},"end":{"line":177,"column":53}},"82":{"start":{"line":177,"column":53},"end":{"line":177,"column":71}},"83":{"start":{"line":196,"column":39},"end":{"line":196,"column":70}},"84":{"start":{"line":196,"column":70},"end":{"line":196,"column":115}},"85":{"start":{"line":208,"column":39},"end":{"line":208,"column":73}},"86":{"start":{"line":208,"column":73},"end":{"line":208,"column":121}},"87":{"start":{"line":239,"column":39},"end":{"line":239,"column":67}},"88":{"start":{"line":239,"column":67},"end":{"line":239,"column":107}},"89":{"start":{"line":251,"column":39},"end":{"line":251,"column":68}},"90":{"start":{"line":251,"column":68},"end":{"line":251,"column":109}},"91":{"start":{"line":263,"column":39},"end":{"line":263,"column":71}},"92":{"start":{"line":263,"column":71},"end":{"line":263,"column":115}},"93":{"start":{"line":275,"column":39},"end":{"line":275,"column":70}},"94":{"start":{"line":275,"column":70},"end":{"line":275,"column":113}},"95":{"start":{"line":303,"column":33},"end":{"line":303,"column":null}},"96":{"start":{"line":310,"column":33},"end":{"line":310,"column":null}},"97":{"start":{"line":317,"column":33},"end":{"line":317,"column":null}},"98":{"start":{"line":333,"column":16},"end":{"line":333,"column":29}},"99":{"start":{"line":347,"column":15},"end":{"line":347,"column":null}}},"fnMap":{"0":{"name":"(anonymous_5)","decl":{"start":{"line":6,"column":18},"end":{"line":6,"column":null}},"loc":{"start":{"line":6,"column":18},"end":{"line":345,"column":null}}},"1":{"name":"(anonymous_6)","decl":{"start":{"line":25,"column":23},"end":{"line":25,"column":24}},"loc":{"start":{"line":25,"column":34},"end":{"line":25,"column":null}}},"2":{"name":"(anonymous_7)","decl":{"start":{"line":27,"column":22},"end":{"line":27,"column":29}},"loc":{"start":{"line":27,"column":29},"end":{"line":61,"column":null}}},"3":{"name":"(anonymous_8)","decl":{"start":{"line":63,"column":25},"end":{"line":63,"column":32}},"loc":{"start":{"line":63,"column":32},"end":{"line":116,"column":null}}},"4":{"name":"(anonymous_9)","decl":{"start":{"line":150,"column":24},"end":{"line":150,"column":25}},"loc":{"start":{"line":151,"column":20},"end":{"line":151,"column":33}}},"5":{"name":"(anonymous_10)","decl":{"start":{"line":167,"column":25},"end":{"line":167,"column":33}},"loc":{"start":{"line":167,"column":25},"end":{"line":167,"column":null}}},"6":{"name":"(anonymous_11)","decl":{"start":{"line":177,"column":25},"end":{"line":177,"column":33}},"loc":{"start":{"line":177,"column":25},"end":{"line":177,"column":null}}},"7":{"name":"(anonymous_12)","decl":{"start":{"line":196,"column":30},"end":{"line":196,"column":31}},"loc":{"start":{"line":196,"column":31},"end":{"line":196,"column":null}}},"8":{"name":"(anonymous_13)","decl":{"start":{"line":208,"column":30},"end":{"line":208,"column":31}},"loc":{"start":{"line":208,"column":31},"end":{"line":208,"column":null}}},"9":{"name":"(anonymous_14)","decl":{"start":{"line":239,"column":30},"end":{"line":239,"column":31}},"loc":{"start":{"line":239,"column":31},"end":{"line":239,"column":null}}},"10":{"name":"(anonymous_15)","decl":{"start":{"line":251,"column":30},"end":{"line":251,"column":31}},"loc":{"start":{"line":251,"column":31},"end":{"line":251,"column":null}}},"11":{"name":"(anonymous_16)","decl":{"start":{"line":263,"column":30},"end":{"line":263,"column":31}},"loc":{"start":{"line":263,"column":31},"end":{"line":263,"column":null}}},"12":{"name":"(anonymous_17)","decl":{"start":{"line":275,"column":30},"end":{"line":275,"column":31}},"loc":{"start":{"line":275,"column":31},"end":{"line":275,"column":null}}},"13":{"name":"(anonymous_18)","decl":{"start":{"line":303,"column":27},"end":{"line":303,"column":33}},"loc":{"start":{"line":303,"column":33},"end":{"line":303,"column":null}}},"14":{"name":"(anonymous_19)","decl":{"start":{"line":310,"column":27},"end":{"line":310,"column":33}},"loc":{"start":{"line":310,"column":33},"end":{"line":310,"column":null}}},"15":{"name":"(anonymous_20)","decl":{"start":{"line":317,"column":27},"end":{"line":317,"column":33}},"loc":{"start":{"line":317,"column":33},"end":{"line":317,"column":null}}},"16":{"name":"(anonymous_21)","decl":{"start":{"line":332,"column":20},"end":{"line":332,"column":21}},"loc":{"start":{"line":333,"column":16},"end":{"line":333,"column":29}}}},"branchMap":{"0":{"loc":{"start":{"line":30,"column":4},"end":{"line":31,"column":null}},"type":"if","locations":[{"start":{"line":30,"column":4},"end":{"line":31,"column":null}},{"start":{"line":31,"column":9},"end":{"line":31,"column":null}}]},"1":{"loc":{"start":{"line":31,"column":9},"end":{"line":31,"column":null}},"type":"if","locations":[{"start":{"line":31,"column":9},"end":{"line":31,"column":null}},{"start":{},"end":{}}]},"2":{"loc":{"start":{"line":32,"column":4},"end":{"line":32,"column":null}},"type":"if","locations":[{"start":{"line":32,"column":4},"end":{"line":32,"column":null}},{"start":{},"end":{}}]},"3":{"loc":{"start":{"line":33,"column":4},"end":{"line":33,"column":null}},"type":"if","locations":[{"start":{"line":33,"column":4},"end":{"line":33,"column":null}},{"start":{},"end":{}}]},"4":{"loc":{"start":{"line":33,"column":8},"end":{"line":33,"column":62}},"type":"binary-expr","locations":[{"start":{"line":33,"column":8},"end":{"line":33,"column":36}},{"start":{"line":33,"column":36},"end":{"line":33,"column":62}}]},"5":{"loc":{"start":{"line":35,"column":4},"end":{"line":38,"column":null}},"type":"if","locations":[{"start":{"line":35,"column":4},"end":{"line":38,"column":null}},{"start":{},"end":{}}]},"6":{"loc":{"start":{"line":52,"column":6},"end":{"line":56,"column":null}},"type":"if","locations":[{"start":{"line":52,"column":6},"end":{"line":56,"column":null}},{"start":{"line":54,"column":13},"end":{"line":56,"column":null}}]},"7":{"loc":{"start":{"line":67,"column":4},"end":{"line":67,"column":null}},"type":"if","locations":[{"start":{"line":67,"column":4},"end":{"line":67,"column":null}},{"start":{},"end":{}}]},"8":{"loc":{"start":{"line":68,"column":4},"end":{"line":68,"column":null}},"type":"if","locations":[{"start":{"line":68,"column":4},"end":{"line":68,"column":null}},{"start":{},"end":{}}]},"9":{"loc":{"start":{"line":68,"column":8},"end":{"line":68,"column":64}},"type":"binary-expr","locations":[{"start":{"line":68,"column":8},"end":{"line":68,"column":37}},{"start":{"line":68,"column":37},"end":{"line":68,"column":64}}]},"10":{"loc":{"start":{"line":70,"column":4},"end":{"line":71,"column":null}},"type":"if","locations":[{"start":{"line":70,"column":4},"end":{"line":71,"column":null}},{"start":{"line":71,"column":9},"end":{"line":71,"column":null}}]},"11":{"loc":{"start":{"line":71,"column":9},"end":{"line":71,"column":null}},"type":"if","locations":[{"start":{"line":71,"column":9},"end":{"line":71,"column":null}},{"start":{},"end":{}}]},"12":{"loc":{"start":{"line":73,"column":4},"end":{"line":73,"column":null}},"type":"if","locations":[{"start":{"line":73,"column":4},"end":{"line":73,"column":null}},{"start":{},"end":{}}]},"13":{"loc":{"start":{"line":74,"column":4},"end":{"line":74,"column":null}},"type":"if","locations":[{"start":{"line":74,"column":4},"end":{"line":74,"column":null}},{"start":{},"end":{}}]},"14":{"loc":{"start":{"line":74,"column":8},"end":{"line":74,"column":47}},"type":"binary-expr","locations":[{"start":{"line":74,"column":8},"end":{"line":74,"column":23}},{"start":{"line":74,"column":23},"end":{"line":74,"column":47}}]},"15":{"loc":{"start":{"line":75,"column":4},"end":{"line":75,"column":null}},"type":"if","locations":[{"start":{"line":75,"column":4},"end":{"line":75,"column":null}},{"start":{},"end":{}}]},"16":{"loc":{"start":{"line":77,"column":4},"end":{"line":80,"column":null}},"type":"if","locations":[{"start":{"line":77,"column":4},"end":{"line":80,"column":null}},{"start":{},"end":{}}]},"17":{"loc":{"start":{"line":95,"column":6},"end":{"line":111,"column":null}},"type":"if","locations":[{"start":{"line":95,"column":6},"end":{"line":111,"column":null}},{"start":{"line":97,"column":13},"end":{"line":111,"column":null}}]},"18":{"loc":{"start":{"line":96,"column":32},"end":{"line":96,"column":53}},"type":"binary-expr","locations":[{"start":{"line":96,"column":32},"end":{"line":96,"column":42}},{"start":{"line":96,"column":46},"end":{"line":96,"column":53}}]},"19":{"loc":{"start":{"line":105,"column":8},"end":{"line":110,"column":null}},"type":"if","locations":[{"start":{"line":105,"column":8},"end":{"line":110,"column":null}},{"start":{"line":108,"column":15},"end":{"line":110,"column":null}}]},"20":{"loc":{"start":{"line":169,"column":18},"end":{"line":171,"column":null}},"type":"cond-expr","locations":[{"start":{"line":170,"column":22},"end":{"line":170,"column":null}},{"start":{"line":171,"column":22},"end":{"line":171,"column":null}}]},"21":{"loc":{"start":{"line":179,"column":18},"end":{"line":181,"column":null}},"type":"cond-expr","locations":[{"start":{"line":180,"column":22},"end":{"line":180,"column":null}},{"start":{"line":181,"column":22},"end":{"line":181,"column":null}}]},"22":{"loc":{"start":{"line":189,"column":13},"end":{"line":189,"column":null}},"type":"binary-expr","locations":[{"start":{"line":189,"column":13},"end":{"line":189,"column":null}}]},"23":{"loc":{"start":{"line":198,"column":127},"end":{"line":198,"column":251}},"type":"cond-expr","locations":[{"start":{"line":198,"column":147},"end":{"line":198,"column":166}},{"start":{"line":198,"column":166},"end":{"line":198,"column":251}}]},"24":{"loc":{"start":{"line":200,"column":19},"end":{"line":200,"column":36}},"type":"binary-expr","locations":[{"start":{"line":200,"column":19},"end":{"line":200,"column":36}}]},"25":{"loc":{"start":{"line":210,"column":127},"end":{"line":210,"column":254}},"type":"cond-expr","locations":[{"start":{"line":210,"column":150},"end":{"line":210,"column":169}},{"start":{"line":210,"column":169},"end":{"line":210,"column":254}}]},"26":{"loc":{"start":{"line":212,"column":19},"end":{"line":212,"column":39}},"type":"binary-expr","locations":[{"start":{"line":212,"column":19},"end":{"line":212,"column":39}}]},"27":{"loc":{"start":{"line":215,"column":17},"end":{"line":215,"column":36}},"type":"binary-expr","locations":[{"start":{"line":215,"column":17},"end":{"line":215,"column":36}}]},"28":{"loc":{"start":{"line":226,"column":19},"end":{"line":226,"column":null}},"type":"cond-expr","locations":[{"start":{"line":226,"column":34},"end":{"line":226,"column":45}},{"start":{"line":226,"column":45},"end":{"line":226,"column":null}}]},"29":{"loc":{"start":{"line":232,"column":13},"end":{"line":232,"column":null}},"type":"binary-expr","locations":[{"start":{"line":232,"column":13},"end":{"line":232,"column":null}}]},"30":{"loc":{"start":{"line":241,"column":127},"end":{"line":241,"column":248}},"type":"cond-expr","locations":[{"start":{"line":241,"column":144},"end":{"line":241,"column":163}},{"start":{"line":241,"column":163},"end":{"line":241,"column":248}}]},"31":{"loc":{"start":{"line":243,"column":19},"end":{"line":243,"column":33}},"type":"binary-expr","locations":[{"start":{"line":243,"column":19},"end":{"line":243,"column":33}}]},"32":{"loc":{"start":{"line":253,"column":127},"end":{"line":253,"column":249}},"type":"cond-expr","locations":[{"start":{"line":253,"column":145},"end":{"line":253,"column":164}},{"start":{"line":253,"column":164},"end":{"line":253,"column":249}}]},"33":{"loc":{"start":{"line":255,"column":19},"end":{"line":255,"column":34}},"type":"binary-expr","locations":[{"start":{"line":255,"column":19},"end":{"line":255,"column":34}}]},"34":{"loc":{"start":{"line":265,"column":127},"end":{"line":265,"column":252}},"type":"cond-expr","locations":[{"start":{"line":265,"column":148},"end":{"line":265,"column":167}},{"start":{"line":265,"column":167},"end":{"line":265,"column":252}}]},"35":{"loc":{"start":{"line":267,"column":19},"end":{"line":267,"column":37}},"type":"binary-expr","locations":[{"start":{"line":267,"column":19},"end":{"line":267,"column":37}}]},"36":{"loc":{"start":{"line":277,"column":127},"end":{"line":277,"column":251}},"type":"cond-expr","locations":[{"start":{"line":277,"column":147},"end":{"line":277,"column":166}},{"start":{"line":277,"column":166},"end":{"line":277,"column":251}}]},"37":{"loc":{"start":{"line":279,"column":19},"end":{"line":279,"column":36}},"type":"binary-expr","locations":[{"start":{"line":279,"column":19},"end":{"line":279,"column":36}}]},"38":{"loc":{"start":{"line":282,"column":17},"end":{"line":282,"column":34}},"type":"binary-expr","locations":[{"start":{"line":282,"column":17},"end":{"line":282,"column":34}}]},"39":{"loc":{"start":{"line":293,"column":19},"end":{"line":293,"column":null}},"type":"cond-expr","locations":[{"start":{"line":293,"column":32},"end":{"line":293,"column":43}},{"start":{"line":293,"column":43},"end":{"line":293,"column":null}}]}},"s":{"0":8,"1":1,"2":1,"3":1,"4":1,"5":1,"6":21,"7":21,"8":21,"9":21,"10":21,"11":21,"12":21,"13":21,"14":21,"15":21,"16":21,"17":21,"18":21,"19":3,"20":21,"21":4,"22":4,"23":4,"24":1,"25":3,"26":0,"27":4,"28":1,"29":4,"30":1,"31":4,"32":2,"33":2,"34":2,"35":2,"36":2,"37":2,"38":2,"39":2,"40":1,"41":1,"42":0,"43":0,"44":21,"45":0,"46":0,"47":0,"48":0,"49":0,"50":0,"51":0,"52":0,"53":0,"54":0,"55":0,"56":0,"57":0,"58":0,"59":0,"60":0,"61":0,"62":0,"63":0,"64":0,"65":0,"66":0,"67":0,"68":0,"69":0,"70":0,"71":0,"72":0,"73":0,"74":0,"75":0,"76":0,"77":0,"78":63,"79":0,"80":0,"81":1,"82":1,"83":3,"84":3,"85":3,"86":3,"87":0,"88":0,"89":0,"90":0,"91":0,"92":0,"93":0,"94":0,"95":0,"96":0,"97":0,"98":63,"99":1},"f":{"0":21,"1":3,"2":4,"3":0,"4":63,"5":0,"6":1,"7":3,"8":3,"9":0,"10":0,"11":0,"12":0,"13":0,"14":0,"15":0,"16":63},"b":{"0":[1,3],"1":[0,3],"2":[1,3],"3":[1,3],"4":[4,3],"5":[2,2],"6":[1,1],"7":[0,0],"8":[0,0],"9":[0,0],"10":[0,0],"11":[0,0],"12":[0,0],"13":[0,0],"14":[0,0],"15":[0,0],"16":[0,0],"17":[0,0],"18":[0,0],"19":[0,0],"20":[20,1],"21":[1,20],"22":[21],"23":[1,19],"24":[20],"25":[2,18],"26":[20],"27":[20],"28":[2,18],"29":[21],"30":[0,1],"31":[1],"32":[0,1],"33":[1],"34":[0,1],"35":[1],"36":[0,1],"37":[1],"38":[1],"39":[0,1]}}
,"F:\\副业项目\\宠物用品优选\\pet-selection-site\\pages\\orders.js": {"path":"F:\\副业项目\\宠物用品优选\\pet-selection-site\\pages\\orders.js","statementMap":{"0":{"start":{"line":94,"column":0},"end":{"line":94,"column":15}},"1":{"start":{"line":1,"column":43},"end":{"line":1,"column":null}},"2":{"start":{"line":2,"column":19},"end":{"line":2,"column":null}},"3":{"start":{"line":3,"column":26},"end":{"line":3,"column":null}},"4":{"start":{"line":5,"column":27},"end":{"line":92,"column":null}},"5":{"start":{"line":6,"column":30},"end":{"line":6,"column":null}},"6":{"start":{"line":7,"column":17},"end":{"line":7,"column":null}},"7":{"start":{"line":9,"column":2},"end":{"line":12,"column":null}},"8":{"start":{"line":10,"column":25},"end":{"line":10,"column":null}},"9":{"start":{"line":11,"column":4},"end":{"line":11,"column":null}},"10":{"start":{"line":26,"column":35},"end":{"line":26,"column":53}},"11":{"start":{"line":31,"column":14},"end":{"line":31,"column":34}},"12":{"start":{"line":54,"column":24},"end":{"line":54,"column":37}},"13":{"start":{"line":75,"column":24},"end":{"line":75,"column":37}},"14":{"start":{"line":94,"column":15},"end":{"line":94,"column":null}}},"fnMap":{"0":{"name":"(anonymous_5)","decl":{"start":{"line":5,"column":27},"end":{"line":5,"column":null}},"loc":{"start":{"line":5,"column":27},"end":{"line":92,"column":null}}},"1":{"name":"(anonymous_6)","decl":{"start":{"line":9,"column":12},"end":{"line":9,"column":null}},"loc":{"start":{"line":9,"column":12},"end":{"line":12,"column":5}}},"2":{"name":"(anonymous_7)","decl":{"start":{"line":26,"column":29},"end":{"line":26,"column":35}},"loc":{"start":{"line":26,"column":35},"end":{"line":26,"column":53}}},"3":{"name":"(anonymous_8)","decl":{"start":{"line":30,"column":24},"end":{"line":30,"column":25}},"loc":{"start":{"line":31,"column":14},"end":{"line":31,"column":34}}},"4":{"name":"(anonymous_9)","decl":{"start":{"line":53,"column":39},"end":{"line":53,"column":40}},"loc":{"start":{"line":54,"column":24},"end":{"line":54,"column":37}}},"5":{"name":"(anonymous_10)","decl":{"start":{"line":74,"column":28},"end":{"line":74,"column":29}},"loc":{"start":{"line":75,"column":24},"end":{"line":75,"column":37}}}},"branchMap":{"0":{"loc":{"start":{"line":10,"column":36},"end":{"line":10,"column":null}},"type":"binary-expr","locations":[{"start":{"line":10,"column":36},"end":{"line":10,"column":78}},{"start":{"line":10,"column":78},"end":{"line":10,"column":null}}]},"1":{"loc":{"start":{"line":24,"column":10},"end":{"line":29,"column":11}},"type":"cond-expr","locations":[{"start":{"line":24,"column":10},"end":{"line":29,"column":11}}]},"2":{"loc":{"start":{"line":40,"column":22},"end":{"line":40,"column":null}},"type":"cond-expr","locations":[{"start":{"line":40,"column":51},"end":{"line":40,"column":73}},{"start":{"line":40,"column":73},"end":{"line":40,"column":null}}]},"3":{"loc":{"start":{"line":42,"column":23},"end":{"line":44,"column":null}},"type":"cond-expr","locations":[{"start":{"line":42,"column":52},"end":{"line":42,"column":null}},{"start":{"line":43,"column":23},"end":{"line":44,"column":null}}]},"4":{"loc":{"start":{"line":43,"column":23},"end":{"line":44,"column":null}},"type":"cond-expr","locations":[{"start":{"line":43,"column":52},"end":{"line":43,"column":null}},{"start":{"line":44,"column":23},"end":{"line":44,"column":null}}]},"5":{"loc":{"start":{"line":72,"column":51},"end":{"line":72,"column":110}},"type":"binary-expr","locations":[{"start":{"line":72,"column":51},"end":{"line":72,"column":81}},{"start":{"line":72,"column":81},"end":{"line":72,"column":110}}]},"6":{"loc":{"start":{"line":76,"column":66},"end":{"line":76,"column":115}},"type":"cond-expr","locations":[{"start":{"line":76,"column":80},"end":{"line":76,"column":100}},{"start":{"line":76,"column":100},"end":{"line":76,"column":115}}]},"7":{"loc":{"start":{"line":77,"column":91},"end":{"line":77,"column":159}},"type":"cond-expr","locations":[{"start":{"line":77,"column":105},"end":{"line":77,"column":129}},{"start":{"line":77,"column":129},"end":{"line":77,"column":159}}]}},"s":{"0":0,"1":0,"2":0,"3":0,"4":0,"5":0,"6":0,"7":0,"8":0,"9":0,"10":0,"11":0,"12":0,"13":0,"14":0},"f":{"0":0,"1":0,"2":0,"3":0,"4":0,"5":0},"b":{"0":[0,0],"1":[0],"2":[0,0],"3":[0,0],"4":[0,0],"5":[0,0],"6":[0,0],"7":[0,0]}}
,"F:\\副业项目\\宠物用品优选\\pet-selection-site\\pages\\recommendations.tsx": {"path":"F:\\副业项目\\宠物用品优选\\pet-selection-site\\pages\\recommendations.tsx","statementMap":{"0":{"start":{"line":23,"column":24},"end":{"line":23,"column":null}},"1":{"start":{"line":1,"column":36},"end":{"line":1,"column":null}},"2":{"start":{"line":2,"column":17},"end":{"line":2,"column":null}},"3":{"start":{"line":3,"column":27},"end":{"line":3,"column":null}},"4":{"start":{"line":4,"column":26},"end":{"line":4,"column":null}},"5":{"start":{"line":5,"column":19},"end":{"line":5,"column":null}},"6":{"start":{"line":6,"column":17},"end":{"line":6,"column":null}},"7":{"start":{"line":24,"column":36},"end":{"line":24,"column":null}},"8":{"start":{"line":25,"column":48},"end":{"line":25,"column":null}},"9":{"start":{"line":26,"column":32},"end":{"line":26,"column":null}},"10":{"start":{"line":27,"column":32},"end":{"line":27,"column":null}},"11":{"start":{"line":28,"column":17},"end":{"line":28,"column":null}},"12":{"start":{"line":30,"column":2},"end":{"line":37,"column":null}},"13":{"start":{"line":31,"column":4},"end":{"line":31,"column":null}},"14":{"start":{"line":31,"column":30},"end":{"line":31,"column":null}},"15":{"start":{"line":32,"column":4},"end":{"line":35,"column":null}},"16":{"start":{"line":33,"column":6},"end":{"line":33,"column":null}},"17":{"start":{"line":34,"column":6},"end":{"line":34,"column":null}},"18":{"start":{"line":36,"column":4},"end":{"line":36,"column":null}},"19":{"start":{"line":39,"column":31},"end":{"line":54,"column":null}},"20":{"start":{"line":40,"column":4},"end":{"line":40,"column":null}},"21":{"start":{"line":41,"column":4},"end":{"line":53,"column":null}},"22":{"start":{"line":42,"column":18},"end":{"line":42,"column":null}},"23":{"start":{"line":43,"column":19},"end":{"line":43,"column":null}},"24":{"start":{"line":45,"column":6},"end":{"line":48,"column":null}},"25":{"start":{"line":46,"column":8},"end":{"line":46,"column":null}},"26":{"start":{"line":47,"column":8},"end":{"line":47,"column":null}},"27":{"start":{"line":50,"column":6},"end":{"line":50,"column":null}},"28":{"start":{"line":52,"column":6},"end":{"line":52,"column":null}},"29":{"start":{"line":56,"column":2},"end":{"line":62,"column":null}},"30":{"start":{"line":103,"column":16},"end":{"line":103,"column":43}}},"fnMap":{"0":{"name":"RecommendationsPage","decl":{"start":{"line":23,"column":24},"end":{"line":23,"column":null}},"loc":{"start":{"line":23,"column":24},"end":{"line":147,"column":null}}},"1":{"name":"(anonymous_3)","decl":{"start":{"line":30,"column":12},"end":{"line":30,"column":null}},"loc":{"start":{"line":30,"column":12},"end":{"line":37,"column":5}}},"2":{"name":"(anonymous_4)","decl":{"start":{"line":39,"column":31},"end":{"line":39,"column":null}},"loc":{"start":{"line":39,"column":31},"end":{"line":54,"column":null}}},"3":{"name":"(anonymous_5)","decl":{"start":{"line":102,"column":35},"end":{"line":102,"column":36}},"loc":{"start":{"line":103,"column":16},"end":{"line":103,"column":43}}}},"branchMap":{"0":{"loc":{"start":{"line":31,"column":4},"end":{"line":31,"column":null}},"type":"if","locations":[{"start":{"line":31,"column":4},"end":{"line":31,"column":null}},{"start":{},"end":{}}]},"1":{"loc":{"start":{"line":32,"column":4},"end":{"line":35,"column":null}},"type":"if","locations":[{"start":{"line":32,"column":4},"end":{"line":35,"column":null}},{"start":{},"end":{}}]},"2":{"loc":{"start":{"line":45,"column":6},"end":{"line":48,"column":null}},"type":"if","locations":[{"start":{"line":45,"column":6},"end":{"line":48,"column":null}},{"start":{},"end":{}}]},"3":{"loc":{"start":{"line":56,"column":2},"end":{"line":62,"column":null}},"type":"if","locations":[{"start":{"line":56,"column":2},"end":{"line":62,"column":null}},{"start":{},"end":{}}]},"4":{"loc":{"start":{"line":56,"column":6},"end":{"line":56,"column":39}},"type":"binary-expr","locations":[{"start":{"line":56,"column":6},"end":{"line":56,"column":30}},{"start":{"line":56,"column":30},"end":{"line":56,"column":39}}]},"5":{"loc":{"start":{"line":83,"column":15},"end":{"line":85,"column":null}},"type":"cond-expr","locations":[{"start":{"line":84,"column":18},"end":{"line":84,"column":null}},{"start":{"line":85,"column":18},"end":{"line":85,"column":null}}]},"6":{"loc":{"start":{"line":90,"column":12},"end":{"line":101,"column":13}},"type":"cond-expr","locations":[{"start":{"line":90,"column":12},"end":{"line":101,"column":13}}]},"7":{"loc":{"start":{"line":107,"column":29},"end":{"line":107,"column":null}},"type":"binary-expr","locations":[{"start":{"line":107,"column":29},"end":{"line":107,"column":52}},{"start":{"line":107,"column":56},"end":{"line":107,"column":null}}]},"8":{"loc":{"start":{"line":111,"column":23},"end":{"line":111,"column":null}},"type":"binary-expr","locations":[{"start":{"line":111,"column":23},"end":{"line":111,"column":null}}]},"9":{"loc":{"start":{"line":118,"column":23},"end":{"line":118,"column":38}},"type":"binary-expr","locations":[{"start":{"line":118,"column":23},"end":{"line":118,"column":38}}]},"10":{"loc":{"start":{"line":134,"column":23},"end":{"line":134,"column":35}},"type":"binary-expr","locations":[{"start":{"line":134,"column":23},"end":{"line":134,"column":35}}]}},"s":{"0":0,"1":0,"2":0,"3":0,"4":0,"5":0,"6":0,"7":0,"8":0,"9":0,"10":0,"11":0,"12":0,"13":0,"14":0,"15":0,"16":0,"17":0,"18":0,"19":0,"20":0,"21":0,"22":0,"23":0,"24":0,"25":0,"26":0,"27":0,"28":0,"29":0,"30":0},"f":{"0":0,"1":0,"2":0,"3":0},"b":{"0":[0,0],"1":[0,0],"2":[0,0],"3":[0,0],"4":[0,0],"5":[0,0],"6":[0],"7":[0,0],"8":[0],"9":[0],"10":[0]}}
,"F:\\副业项目\\宠物用品优选\\pet-selection-site\\pages\\selection-process.js": {"path":"F:\\副业项目\\宠物用品优选\\pet-selection-site\\pages\\selection-process.js","statementMap":{"0":{"start":{"line":198,"column":0},"end":{"line":198,"column":15}},"1":{"start":{"line":1,"column":18},"end":{"line":1,"column":null}},"2":{"start":{"line":2,"column":19},"end":{"line":2,"column":null}},"3":{"start":{"line":3,"column":22},"end":{"line":3,"column":null}},"4":{"start":{"line":5,"column":25},"end":{"line":196,"column":null}},"5":{"start":{"line":6,"column":16},"end":{"line":27,"column":null}},"6":{"start":{"line":29,"column":20},"end":{"line":34,"column":null}},"7":{"start":{"line":61,"column":16},"end":{"line":61,"column":29}},"8":{"start":{"line":75,"column":14},"end":{"line":75,"column":31}},"9":{"start":{"line":132,"column":18},"end":{"line":132,"column":30}},"10":{"start":{"line":160,"column":16},"end":{"line":160,"column":29}},"11":{"start":{"line":198,"column":15},"end":{"line":198,"column":null}}},"fnMap":{"0":{"name":"(anonymous_2)","decl":{"start":{"line":5,"column":25},"end":{"line":5,"column":null}},"loc":{"start":{"line":5,"column":25},"end":{"line":196,"column":null}}},"1":{"name":"(anonymous_3)","decl":{"start":{"line":60,"column":29},"end":{"line":60,"column":30}},"loc":{"start":{"line":61,"column":16},"end":{"line":61,"column":29}}},"2":{"name":"(anonymous_4)","decl":{"start":{"line":74,"column":23},"end":{"line":74,"column":24}},"loc":{"start":{"line":75,"column":14},"end":{"line":75,"column":31}}},"3":{"name":"(anonymous_5)","decl":{"start":{"line":131,"column":22},"end":{"line":131,"column":23}},"loc":{"start":{"line":132,"column":18},"end":{"line":132,"column":30}}},"4":{"name":"(anonymous_6)","decl":{"start":{"line":159,"column":20},"end":{"line":159,"column":21}},"loc":{"start":{"line":160,"column":16},"end":{"line":160,"column":29}}}},"branchMap":{},"s":{"0":0,"1":0,"2":0,"3":0,"4":0,"5":0,"6":0,"7":0,"8":0,"9":0,"10":0,"11":0},"f":{"0":0,"1":0,"2":0,"3":0,"4":0},"b":{}}
,"F:\\副业项目\\宠物用品优选\\pet-selection-site\\pages\\api\\health-records.ts": {"path":"F:\\副业项目\\宠物用品优选\\pet-selection-site\\pages\\api\\health-records.ts","statementMap":{"0":{"start":{"line":21,"column":30},"end":{"line":21,"column":38}},"1":{"start":{"line":2,"column":33},"end":{"line":2,"column":null}},"2":{"start":{"line":3,"column":28},"end":{"line":3,"column":null}},"3":{"start":{"line":4,"column":22},"end":{"line":4,"column":null}},"4":{"start":{"line":8,"column":18},"end":{"line":8,"column":null}},"5":{"start":{"line":9,"column":2},"end":{"line":11,"column":null}},"6":{"start":{"line":10,"column":4},"end":{"line":10,"column":null}},"7":{"start":{"line":13,"column":17},"end":{"line":15,"column":null}},"8":{"start":{"line":18,"column":2},"end":{"line":18,"column":null}},"9":{"start":{"line":22,"column":17},"end":{"line":22,"column":null}},"10":{"start":{"line":24,"column":2},"end":{"line":26,"column":null}},"11":{"start":{"line":25,"column":4},"end":{"line":25,"column":null}},"12":{"start":{"line":28,"column":2},"end":{"line":61,"column":null}},"13":{"start":{"line":29,"column":22},"end":{"line":29,"column":31}},"14":{"start":{"line":31,"column":4},"end":{"line":60,"column":null}},"15":{"start":{"line":32,"column":16},"end":{"line":32,"column":null}},"16":{"start":{"line":33,"column":28},"end":{"line":33,"column":30}},"17":{"start":{"line":35,"column":6},"end":{"line":51,"column":null}},"18":{"start":{"line":37,"column":25},"end":{"line":39,"column":null}},"19":{"start":{"line":41,"column":8},"end":{"line":43,"column":null}},"20":{"start":{"line":42,"column":10},"end":{"line":42,"column":null}},"21":{"start":{"line":45,"column":8},"end":{"line":45,"column":null}},"22":{"start":{"line":46,"column":8},"end":{"line":46,"column":null}},"23":{"start":{"line":49,"column":8},"end":{"line":49,"column":null}},"24":{"start":{"line":50,"column":8},"end":{"line":50,"column":null}},"25":{"start":{"line":53,"column":6},"end":{"line":53,"column":null}},"26":{"start":{"line":55,"column":21},"end":{"line":55,"column":null}},"27":{"start":{"line":56,"column":6},"end":{"line":56,"column":null}},"28":{"start":{"line":58,"column":6},"end":{"line":58,"column":null}},"29":{"start":{"line":59,"column":6},"end":{"line":59,"column":null}},"30":{"start":{"line":63,"column":2},"end":{"line":117,"column":null}},"31":{"start":{"line":74,"column":8},"end":{"line":74,"column":16}},"32":{"start":{"line":76,"column":4},"end":{"line":78,"column":null}},"33":{"start":{"line":77,"column":6},"end":{"line":77,"column":null}},"34":{"start":{"line":81,"column":21},"end":{"line":83,"column":null}},"35":{"start":{"line":85,"column":4},"end":{"line":87,"column":null}},"36":{"start":{"line":86,"column":6},"end":{"line":86,"column":null}},"37":{"start":{"line":89,"column":4},"end":{"line":116,"column":null}},"38":{"start":{"line":
[...]
6},"end":{"line":1,"column":null}},"2":{"start":{"line":2,"column":17},"end":{"line":2,"column":null}},"3":{"start":{"line":3,"column":26},"end":{"line":3,"column":null}},"4":{"start":{"line":4,"column":17},"end":{"line":4,"column":null}},"5":{"start":{"line":23,"column":17},"end":{"line":23,"column":null}},"6":{"start":{"line":24,"column":17},"end":{"line":24,"column":29}},"7":{"start":{"line":25,"column":32},"end":{"line":25,"column":null}},"8":{"start":{"line":26,"column":32},"end":{"line":26,"column":null}},"9":{"start":{"line":27,"column":52},"end":{"line":27,"column":null}},"10":{"start":{"line":29,"column":2},"end":{"line":33,"column":null}},"11":{"start":{"line":30,"column":4},"end":{"line":32,"column":null}},"12":{"start":{"line":31,"column":6},"end":{"line":31,"column":null}},"13":{"start":{"line":35,"column":23},"end":{"line":47,"column":null}},"14":{"start":{"line":36,"column":4},"end":{"line":46,"column":null}},"15":{"start":{"line":37,"column":18},"end":{"line":37,"column":null}},"16":{"start":{"line":38,"column":19},"end":{"line":38,"column":null}},"17":{"start":{"line":39,"column":6},"end":{"line":41,"column":null}},"18":{"start":{"line":40,"column":8},"end":{"line":40,"column":null}},"19":{"start":{"line":43,"column":6},"end":{"line":43,"column":null}},"20":{"start":{"line":45,"column":6},"end":{"line":45,"column":null}},"21":{"start":{"line":49,"column":2},"end":{"line":51,"column":null}},"22":{"start":{"line":53,"column":2},"end":{"line":55,"column":null}},"23":{"start":{"line":92,"column":20},"end":{"line":93,"column":null}},"24":{"start":{"line":99,"column":37},"end":{"line":99,"column":null}},"25":{"start":{"line":129,"column":22},"end":{"line":130,"column":null}},"26":{"start":{"line":179,"column":18},"end":{"line":179,"column":35}}},"fnMap":{"0":{"name":"ProductDetailPage","decl":{"start":{"line":22,"column":24},"end":{"line":22,"column":null}},"loc":{"start":{"line":22,"column":24},"end":{"line":197,"column":null}}},"1":{"name":"(anonymous_3)","decl":{"start":{"line":29,"column":12},"end":{"line":29,"column":null}},"loc":{"start":{"line":29,"column":12},"end":{"line":33,"column":5}}},"2":{"name":"(anonymous_4)","decl":{"start":{"line":35,"column":23},"end":{"line":35,"column":null}},"loc":{"start":{"line":35,"column":23},"end":{"line":47,"column":null}}},"3":{"name":"(anonymous_5)","decl":{"start":{"line":91,"column":38},"end":{"line":91,"column":39}},"loc":{"start":{"line":92,"column":20},"end":{"line":93,"column":null}}},"4":{"name":"(anonymous_6)","decl":{"start":{"line":99,"column":31},"end":{"line":99,"column":37}},"loc":{"start":{"line":99,"column":37},"end":{"line":99,"column":null}}},"5":{"name":"(anonymous_7)","decl":{"start":{"line":128,"column":39},"end":{"line":128,"column":40}},"loc":{"start":{"line":129,"column":22},"end":{"line":130,"column":null}}},"6":{"name":"(anonymous_8)","decl":{"start":{"line":178,"column":37},"end":{"line":178,"column":38}},"loc":{"start":{"line":179,"column":18},"end":{"line":179,"column":35}}}},"branchMap":{"0":{"loc":{"start":{"line":30,"column":4},"end":{"line":32,"column":null}},"type":"if","locations":[{"start":{"line":30,"column":4},"end":{"line":32,"column":null}},{"start":{},"end":{}}]},"1":{"loc":{"start":{"line":39,"column":6},"end":{"line":41,"column":null}},"type":"if","locations":[{"start":{"line":39,"column":6},"end":{"line":41,"column":null}},{"start":{},"end":{}}]},"2":{"loc":{"start":{"line":49,"column":2},"end":{"line":51,"column":null}},"type":"if","locations":[{"start":{"line":49,"column":2},"end":{"line":51,"column":null}},{"start":{},"end":{}}]},"3":{"loc":{"start":{"line":53,"column":2},"end":{"line":55,"column":null}},"type":"if","locations":[{"start":{"line":53,"column":2},"end":{"line":55,"column":null}},{"start":{},"end":{}}]},"4":{"loc":{"start":{"line":84,"column":23},"end":{"line":84,"column":null}},"type":"binary-expr","locations":[{"start":{"line":84,"column":23},"end":{"line":84,"column":58}},{"start":{"line":84,"column":62},"end":{"line":84,"column":null}}]},"5":{"loc":{"start":{"line":89,"column":15},"end":{"line":89,"column":29}},"type":"binary-expr","locations":[{"start":{"line":89,"column":15},"end":{"line":89,"column":29}},{"start":{"line":89,"column":33},"end":{"line":89,"column":null}}]},"6":{"loc":{"start":{"line":97,"column":24},"end":{"line":97,"column":null}},"type":"cond-expr","locations":[{"start":{"line":97,"column":54},"end":{"line":97,"column":76}},{"start":{"line":97,"column":76},"end":{"line":97,"column":null}}]},"7":{"loc":{"start":{"line":108,"column":15},"end":{"line":108,"column":26}},"type":"binary-expr","locations":[{"start":{"line":108,"column":15},"end":{"line":108,"column":26}}]},"8":{"loc":{"start":{"line":124,"column":15},"end":{"line":124,"column":28}},"type":"binary-expr","locations":[{"start":{"line":124,"column":15},"end":{"line":124,"column":28}},{"start":{"line":124,"column":32},"end":{"line":124,"column":null}}]},"9":{"loc":{"start":{"line":132,"column":26},"end":{"line":132,"column":null}},"type":"cond-expr","locations":[{"start":{"line":132,"column":63},"end":{"line":132,"column":76}},{"start":{"line":132,"column":76},"end":{"line":132,"column":null}}]},"10":{"loc":{"start":{"line":159,"column":15},"end":{"line":159,"column":29}},"type":"binary-expr","locations":[{"start":{"line":159,"column":15},"end":{"line":159,"column":29}}]},"11":{"loc":{"start":{"line":174,"column":11},"end":{"line":174,"column":26}},"type":"binary-expr","locations":[{"start":{"line":174,"column":11},"end":{"line":174,"column":26}},{"start":{"line":174,"column":30},"end":{"line":174,"column":null}}]}},"s":{"0":0,"1":0,"2":0,"3":0,"4":0,"5":0,"6":0,"7":0,"8":0,"9":0,"10":0,"11":0,"12":0,"13":0,"14":0,"15":0,"16":0,"17":0,"18":0,"19":0,"20":0,"21":0,"22":0,"23":0,"24":0,"25":0,"26":0},"f":{"0":0,"1":0,"2":0,"3":0,"4":0,"5":0,"6":0},"b":{"0":[0,0],"1":[0,0],"2":[0,0],"3":[0,0],"4":[0,0],"5":[0,0],"6":[0,0],"7":[0],"8":[0,0],"9":[0,0],"10":[0],"11":[0,0]}}
,"F:\\副业项目\\宠物用品优选\\pet-selection-site\\pages\\products\\index.tsx": {"path":"F:\\副业项目\\宠物用品优选\\pet-selection-site\\pages\\products\\index.tsx","statementMap":{"0":{"start":{"line":18,"column":24},"end":{"line":18,"column":null}},"1":{"start":{"line":1,"column":36},"end":{"line":1,"column":null}},"2":{"start":{"line":2,"column":17},"end":{"line":2,"column":null}},"3":{"start":{"line":3,"column":27},"end":{"line":3,"column":null}},"4":{"start":{"line":4,"column":19},"end":{"line":4,"column":null}},"5":{"start":{"line":5,"column":17},"end":{"line":5,"column":null}},"6":{"start":{"line":19,"column":28},"end":{"line":19,"column":null}},"7":{"start":{"line":20,"column":34},"end":{"line":20,"column":null}},"8":{"start":{"line":21,"column":32},"end":{"line":21,"column":null}},"9":{"start":{"line":22,"column":34},"end":{"line":22,"column":null}},"10":{"start":{"line":23,"column":30},"end":{"line":23,"column":null}},"11":{"start":{"line":24,"column":38},"end":{"line":24,"column":null}},"12":{"start":{"line":26,"column":2},"end":{"line":29,"column":null}},"13":{"start":{"line":27,"column":4},"end":{"line":27,"column":null}},"14":{"start":{"line":28,"column":4},"end":{"line":28,"column":null}},"15":{"start":{"line":31,"column":26},"end":{"line":42,"column":null}},"16":{"start":{"line":32,"column":4},"end":{"line":41,"column":null}},"17":{"start":{"line":33,"column":18},"end":{"line":33,"column":null}},"18":{"start":{"line":34,"column":19},"end":{"line":34,"column":null}},"19":{"start":{"line":35,"column":6},"end":{"line":38,"column":null}},"20":{"start":{"line":36,"column":21},"end":{"line":36,"column":null}},"21":{"start":{"line":36,"column":67},"end":{"line":36,"column":82}},"22":{"start":{"line":37,"column":8},"end":{"line":37,"column":null}},"23":{"start":{"line":40,"column":6},"end":{"line":40,"column":null}},"24":{"start":{"line":44,"column":24},"end":{"line":59,"column":null}},"25":{"start":{"line":45,"column":4},"end":{"line":45,"column":null}},"26":{"start":{"line":46,"column":4},"end":{"line":58,"column":null}},"27":{"start":{"line":47,"column":16},"end":{"line":47,"column":null}},"28":{"start":{"line":48,"column":6},"end":{"line":48,"column":null}},"29":{"start":{"line":48,"column":20},"end":{"line":48,"column":null}},"30":{"start":{"line":49,"column":6},"end":{"line":49,"column":null}},"31":{"start":{"line":49,"column":18},"end":{"line":49,"column":null}},"32":{"start":{"line":51,"column":18},"end":{"line":51,"column":null}},"33":{"start":{"line":52,"column":19},"end":{"line":52,"column":null}},"34":{"start":{"line":53,"column":6},"end":{"line":53,"column":null}},"35":{"start":{"line":55,"column":6},"end":{"line":55,"column":null}},"36":{"start":{"line":57,"column":6},"end":{"line":57,"column":null}},"37":{"start":{"line":90,"column":31},"end":{"line":90,"column":null}},"38":{"start":{"line":95,"column":31},"end":{"line":95,"column":null}},"39":{"start":{"line":100,"column":16},"end":{"line":100,"column":34}},"40":{"start":{"line":118,"column":16},"end":{"line":118,"column":39}}},"fnMap":{"0":{"name":"ProductsPage","decl":{"start":{"line":18,"column":24},"end":{"line":18,"column":null}},"loc":{"start":{"line":18,"column":24},"end":{"line":154,"column":null}}},"1":{"name":"(anonymous_3)","decl":{"start":{"line":26,"column":12},"end":{"line":26,"column":null}},"loc":{"start":{"line":26,"column":12},"end":{"line":29,"column":5}}},"2":{"name":"(anonymous_4)","decl":{"start":{"line":31,"column":26},"end":{"line":31,"column":null}},"loc":{"start":{"line":31,"column":26},"end":{"line":42,"column":null}}},"3":{"name":"(anonymous_5)","decl":{"start":{"line":36,"column":51},"end":{"line":36,"column":52}},"loc":{"start":{"line":36,"column":67},"end":{"line":36,"column":82}}},"4":{"name":"(anonymous_6)","decl":{"start":{"line":44,"column":24},"end":{"line":44,"column":null}},"loc":{"start":{"line":44,"column":24},"end":{"line":59,"column":null}}},"5":{"name":"(anonymous_7)","decl":{"start":{"line":90,"column":24},"end":{"line":90,"column":25}},"loc":{"start":{"line":90,"column":31},"end":{"line":90,"column":null}}},"6":{"name":"(anonymous_8)","decl":{"start":{"line":95,"column":24},"end":{"line":95,"column":25}},"loc":{"start":{"line":95,"column":31},"end":{"line":95,"column":null}}},"7":{"name":"(anonymous_9)","decl":{"start":{"line":99,"column":30},"end":{"line":99,"column":31}},"loc":{"start":{"line":100,"column":16},"end":{"line":100,"column":34}}},"8":{"name":"(anonymous_10)","decl":{"start":{"line":117,"column":28},"end":{"line":117,"column":29}},"loc":{"start":{"line":118,"column":16},"end":{"line":118,"column":39}}}},"branchMap":{"0":{"loc":{"start":{"line":35,"column":6},"end":{"line":38,"column":null}},"type":"if","locations":[{"start":{"line":35,"column":6},"end":{"line":38,"column":null}},{"start":{},"end":{}}]},"1":{"loc":{"start":{"line":48,"column":6},"end":{"line":48,"column":null}},"type":"if","locations":[{"start":{"line":48,"column":6},"end":{"line":48,"column":null}},{"start":{},"end":{}}]},"2":{"loc":{"start":{"line":49,"column":6},"end":{"line":49,"column":null}},"type":"if","locations":[{"start":{"line":49,"column":6},"end":{"line":49,"column":null}},{"start":{},"end":{}}]},"3":{"loc":{"start":{"line":53,"column":18},"end":{"line":53,"column":37}},"type":"binary-expr","locations":[{"start":{"line":53,"column":18},"end":{"line":53,"column":31}},{"start":{"line":53,"column":35},"end":{"line":53,"column":37}}]},"4":{"loc":{"start":{"line":107,"column":12},"end":{"line":110,"column":23}},"type":"cond-expr","locations":[{"start":{"line":107,"column":12},"end":{"line":110,"column":23}}]},"5":{"loc":{"start":{"line":111,"column":12},"end":{"line":116,"column":13}},"type":"cond-expr","locations":[{"start":{"line":111,"column":12},"end":{"line":116,"column":13}}]},"6":{"loc":{"start":{"line":122,"column":29},"end":{"line":122,"column":null}},"type":"binary-expr","locations":[{"start":{"line":122,"column":29},"end":{"line":122,"column":48}},{"start":{"line":122,"column":52},"end":{"line":122,"column":null}}]},"7":{"loc":{"start":{"line":126,"column":23},"end":{"line":126,"column":34}},"type":"binary-expr","locations":[{"start":{"line":126,"column":23},"end":{"line":126,"column":34}}]}},"s":{"0":0,"1":0,"2":0,"3":0,"4":0,"5":0,"6":0,"7":0,"8":0,"9":0,"10":0,"11":0,"12":0,"13":0,"14":0,"15":0,"16":0,"17":0,"18":0,"19":0,"20":0,"21":0,"22":0,"23":0,"24":0,"25":0,"26":0,"27":0,"28":0,"29":0,"30":0,"31":0,"32":0,"33":0,"34":0,"35":0,"36":0,"37":0,"38":0,"39":0,"40":0},"f":{"0":0,"1":0,"2":0,"3":0,"4":0,"5":0,"6":0,"7":0,"8":0},"b":{"0":[0,0],"1":[0,0],"2":[0,0],"3":[0,0],"4":[0],"5":[0],"6":[0,0],"7":[0]}}
,"F:\\副业项目\\宠物用品优选\\pet-selection-site\\utils\\cart-util.js": {"path":"F:\\副业项目\\宠物用品优选\\pet-selection-site\\utils\\cart-util.js","statementMap":{"0":{"start":{"line":7,"column":13},"end":{"line":7,"column":22}},"1":{"start":{"line":42,"column":13},"end":{"line":42,"column":22}},"2":{"start":{"line":1,"column":13},"end":{"line":1,"column":20}},"3":{"start":{"line":47,"column":13},"end":{"line":47,"column":23}},"4":{"start":{"line":19,"column":13},"end":{"line":19,"column":27}},"5":{"start":{"line":25,"column":13},"end":{"line":25,"column":31}},"6":{"start":{"line":1,"column":23},"end":{"line":5,"column":null}},"7":{"start":{"line":2,"column":2},"end":{"line":2,"column":null}},"8":{"start":{"line":2,"column":37},"end":{"line":2,"column":null}},"9":{"start":{"line":3,"column":15},"end":{"line":3,"column":null}},"10":{"start":{"line":4,"column":2},"end":{"line":4,"column":null}},"11":{"start":{"line":7,"column":25},"end":{"line":17,"column":null}},"12":{"start":{"line":8,"column":15},"end":{"line":8,"column":null}},"13":{"start":{"line":9,"column":19},"end":{"line":9,"column":null}},"14":{"start":{"line":9,"column":37},"end":{"line":9,"column":59}},"15":{"start":{"line":10,"column":2},"end":{"line":14,"column":null}},"16":{"start":{"line":11,"column":4},"end":{"line":11,"column":null}},"17":{"start":{"line":13,"column":4},"end":{"line":13,"column":null}},"18":{"start":{"line":15,"column":2},"end":{"line":15,"column":null}},"19":{"start":{"line":16,"column":2},"end":{"line":16,"column":null}},"20":{"start":{"line":19,"column":30},"end":{"line":23,"column":null}},"21":{"start":{"line":20,"column":15},"end":{"line":20,"column":null}},"22":{"start":{"line":20,"column":40},"end":{"line":20,"column":null}},"23":{"start":{"line":21,"column":2},"end":{"line":21,"column":null}},"24":{"start":{"line":22,"column":2},"end":{"line":22,"column":null}},"25":{"start":{"line":25,"column":34},"end":{"line":40,"column":null}},"26":{"start":{"line":26,"column":15},"end":{"line":26,"column":null}},"27":{"start":{"line":27,"column":15},"end":{"line":27,"column":null}},"28":{"start":{"line":27,"column":33},"end":{"line":27,"column":null}},"29":{"start":{"line":28,"column":2},"end":{"line":28,"column":null}},"30":{"start":{"line":28,"column":13},"end":{"line":28,"column":null}},"31":{"start":{"line":30,"column":2},"end":{"line":30,"column":null}},"32":{"start":{"line":33,"column":2},"end":{"line":36,"column":null}},"33":{"start":{"line":34,"column":4},"end":{"line":34,"column":null}},"34":{"start":{"line":35,"column":4},"end":{"line":35,"column":null}},"35":{"start":{"line":38,"column":2},"end":{"line":38,"column":null}},"36":{"start":{"line":39,"column":2},"end":{"line":39,"column":null}},"37":{"start":{"line":42,"column":25},"end":{"line":45,"column":null}},"38":{"start":{"line":43,"column":2},"end":{"line":43,"column":null}},"39":{"start":{"line":44,"column":2},"end":{"line":44,"column":null}},"40":{"start":{"line":47,"column":26},"end":{"line":66,"column":null}},"41":{"start":{"line":48,"column":15},"end":{"line":48,"column":null}},"42":{"start":{"line":49,"column":2},"end":{"line":49,"column":null}},"43":{"start":{"line":49,"column":25},"end":{"line":49,"column":null}},"44":{"start":{"line":51,"column":17},"end":{"line":51,"column":null}},"45":{"start":{"line":52,"column":19},"end":{"line":60,"column":null}},"46":{"start":{"line":56,"column":38},"end":{"line":56,"column":70}},"47":{"start":{"line":62,"column":2},"end":{"line":62,"column":null}},"48":{"start":{"line":63,"column":2},"end":{"line":63,"column":null}},"49":{"start":{"line":64,"column":2},"end":{"line":64,"column":null}},"50":{"start":{"line":65,"column":2},"end":{"line":65,"column":null}}},"fnMap":{"0":{"name":"(anonymous_7)","decl":{"start":{"line":1,"column":23},"end":{"line":1,"column":null}},"loc":{"start":{"line":1,"column":23},"end":{"line":5,"column":null}}},"1":{"name":"(anonymous_8)","decl":{"start":{"line":7,"column":25},"end":{"line":7,"column":26}},"loc":{"start":{"line":7,"column":26},"end":{"line":17,"column":null}}},"2":{"name":"(anonymous_9)","decl":{"start":{"line":9,"column":29},"end":{"line":9,"column":37}},"loc":{"start":{"line":9,"column":37},"end":{"line":9,"column":59}}},"3":{"name":"(anonymous_10)","decl":{"start":{"line":19,"column":30},"end":{"line":19,"column":31}},"loc":{"start":{"line":19,"column":31},"end":{"line":23,"column":null}}},"4":{"name":"(anonymous_11)","decl":{"start":{"line":20,"column":32},"end":{"line":20,"column":40}},"loc":{"start":{"line":20,"column":40},"end":{"line":20,"column":null}}},"5":{"name":"(anonymous_12)","decl":{"start":{"line":25,"column":34},"end":{"line":25,"column":35}},"loc":{"start":{"line":25,"column":46},"end":{"line":40,"column":null}}},"6":{"name":"(anonymous_13)","decl":{"start":{"line":27,"column":25},"end":{"line":27,"column":33}},"loc":{"start":{"line":27,"column":33},"end":{"line":27,"column":null}}},"7":{"name":"(anonymous_14)","decl":{"start":{"line":42,"column":25},"end":{"line":42,"column":null}},"loc":{"start":{"line":42,"column":25},"end":{"line":45,"column":null}}},"8":{"name":"(anonymous_15)","decl":{"start":{"line":47,"column":26},"end":{"line":47,"column":27}},"loc":{"start":{"line":47,"column":27},"end":{"line":66,"column":null}}},"9":{"name":"(anonymous_16)","decl":{"start":{"line":56,"column":23},"end":{"line":56,"column":24}},"loc":{"start":{"line":56,"column":38},"end":{"line":56,"column":70}}}},"branchMap":{"0":{"loc":{"start":{"line":2,"column":2},"end":{"line":2,"column":null}},"type":"if","locations":[{"start":{"line":2,"column":2},"end":{"line":2,"column":null}},{"start":{},"end":{}}]},"1":{"loc":{"start":{"line":4,"column":9},"end":{"line":4,"column":37}},"type":"cond-expr","locations":[{"start":{"line":4,"column":16},"end":{"line":4,"column":35}},{"start":{"line":4,"column":35},"end":{"line":4,"column":37}}]},"2":{"loc":{"start":{"line":10,"column":2},"end":{"line":14,"column":null}},"type":"if","locations":[{"start":{"line":10,"column":2},"end":{"line":14,"column":null}},{"start":{"line":12,"column":9},"end":{"line":14,"column":null}}]},"3":{"loc":{"start":{"line":28,"column":2},"end":{"line":28,"column":null}},"type":"if","locations":[{"start":{"line":28,"column":2},"end":{"line":28,"column":null}},{"start":{},"end":{}}]},"4":{"loc":{"start":{"line":33,"column":2},"end":{"line":36,"column":null}},"type":"if","locations":[{"start":{"line":33,"column":2},"end":{"line":36,"column":null}},{"start":{},"end":{}}]},"5":{"loc":{"start":{"line":49,"column":2},"end":{"line":49,"column":null}},"type":"if","locations":[{"start":{"line":49,"column":2},"end":{"line":49,"column":null}},{"start":{},"end":{}}]},"6":{"loc":{"start":{"line":51,"column":28},"end":{"line":51,"column":null}},"type":"binary-expr","locations":[{"start":{"line":51,"column":28},"end":{"line":51,"column":70}},{"start":{"line":51,"column":70},"end":{"line":51,"column":null}}]}},"s":{"0":0,"1":0,"2":0,"3":0,"4":0,"5":0,"6":0,"7":0,"8":0,"9":0,"10":0,"11":0,"12":0,"13":0,"14":0,"15":0,"16":0,"17":0,"18":0,"19":0,"20":0,"21":0,"22":0,"23":0,"24":0,"25":0,"26":0,"27":0,"28":0,"29":0,"30":0,"31":0,"32":0,"33":0,"34":0,"35":0,"36":0,"37":0,"38":0,"39":0,"40":0,"41":0,"42":0,"43":0,"44":0,"45":0,"46":0,"47":0,"48":0,"49":0,"50":0},"f":{"0":0,"1":0,"2":0,"3":0,"4":0,"5":0,"6":0,"7":0,"8":0,"9":0},"b":{"0":[0,0],"1":[0,0],"2":[0,0],"3":[0,0],"4":[0,0],"5":[0,0],"6":[0,0]}}
}
