TN:
SF:components\Hero.js
FN:3,(anonymous_2)
FNF:1
FNH:1
FNDA:8,(anonymous_2)
DA:1,1
DA:3,1
DA:69,8
LF:3
LH:3
BRF:0
BRH:0
end_of_record
TN:
SF:components\MobileNav.js
FN:4,(anonymous_4)
FN:7,(anonymous_5)
FN:8,(anonymous_6)
FN:10,(anonymous_7)
FN:14,(anonymous_8)
FNF:5
FNH:5
FNDA:9,(anonymous_4)
FNDA:7,(anonymous_5)
FNDA:8,(anonymous_6)
FNDA:3,(anonymous_7)
FNDA:7,(anonymous_8)
DA:1,1
DA:2,1
DA:4,1
DA:5,9
DA:7,9
DA:8,7
DA:9,8
DA:10,8
DA:12,7
DA:13,7
DA:14,7
DA:52,7
LF:12
LH:12
BRDA:35,0,0,9
BRF:1
BRH:1
end_of_record
TN:
SF:components\Navbar.js
FN:6,(anonymous_5)
FN:13,(anonymous_6)
FN:14,(anonymous_7)
FN:18,(anonymous_8)
FN:20,(anonymous_9)
FN:27,(anonymous_10)
FN:55,(anonymous_11)
FN:67,(anonymous_12)
FN:94,(anonymous_13)
FN:108,(anonymous_14)
FN:125,(anonymous_15)
FN:129,(anonymous_16)
FN:143,(anonymous_17)
FN:155,(anonymous_18)
FN:166,(anonymous_19)
FNF:15
FNH:10
FNDA:13,(anonymous_5)
FNDA:8,(anonymous_6)
FNDA:0,(anonymous_7)
FNDA:8,(anonymous_8)
FNDA:2,(anonymous_9)
FNDA:8,(anonymous_10)
FNDA:65,(anonymous_11)
FNDA:1,(anonymous_12)
FNDA:1,(anonymous_13)
FNDA:1,(anonymous_14)
FNDA:10,(anonymous_15)
FNDA:0,(anonymous_16)
FNDA:0,(anonymous_17)
FNDA:0,(anonymous_18)
FNDA:0,(anonymous_19)
DA:1,1
DA:2,1
DA:3,1
DA:4,1
DA:6,1
DA:7,13
DA:8,13
DA:9,13
DA:10,13
DA:11,13
DA:13,13
DA:14,8
DA:15,0
DA:18,8
DA:19,8
DA:20,8
DA:23,8
DA:24,8
DA:25,8
DA:27,8
DA:28,8
DA:29,8
DA:33,13
DA:56,65
DA:67,1
DA:94,1
DA:108,1
DA:126,10
DA:129,0
DA:144,0
DA:145,0
DA:155,0
DA:166,0
DA:171,8
LF:34
LH:28
BRDA:43,0,0,0
BRDA:43,0,1,13
BRDA:79,1,0,13
BRDA:89,2,0,2
BRDA:91,3,0,2
BRDA:91,3,1,0
BRDA:113,4,0,2
BRDA:123,5,0,13
BRDA:138,6,0,0
BRDA:140,7,0,0
BRDA:140,7,1,0
BRF:11
BRH:6
end_of_record
TN:
SF:components\ProductCard.js
FN:4,(anonymous_2)
FNF:1
FNH:1
FNDA:8,(anonymous_2)
DA:1,1
DA:2,1
DA:4,1
DA:58,8
LF:4
LH:4
BRF:0
BRH:0
end_of_record
TN:
SF:components\SearchModal.js
FN:7,(anonymous_5)
FN:12,(anonymous_6)
FN:14,(anonymous_7)
FN:18,(anonymous_8)
FN:22,(anonymous_9)
FN:25,(anonymous_10)
FN:32,(anonymous_11)
FN:35,(anonymous_12)
FN:39,(anonymous_13)
FN:44,(anonymous_14)
FN:82,(anonymous_15)
FN:104,(anonymous_16)
FN:107,(anonymous_17)
FN:155,(anonymous_18)
FN:158,(anonymous_19)
FN:173,(anonymous_20)
FN:176,(anonymous_21)
FNF:17
FNH:11
FNDA:16,(anonymous_5)
FNDA:10,(anonymous_6)
FNDA:1,(anonymous_7)
FNDA:9,(anonymous_8)
FNDA:10,(anonymous_9)
FNDA:0,(anonymous_10)
FNDA:126,(anonymous_11)
FNDA:474,(anonymous_12)
FNDA:0,(anonymous_13)
FNDA:0,(anonymous_14)
FNDA:3,(anonymous_15)
FNDA:10,(anonymous_16)
FNDA:0,(anonymous_17)
FNDA:45,(anonymous_18)
FNDA:0,(anonymous_19)
FNDA:27,(anonymous_20)
FNDA:0,(anonymous_21)
DA:1,1
DA:2,1
DA:3,1
DA:5,1
DA:7,1
DA:8,16
DA:9,16
DA:12,16
DA:13,10
DA:14,9
DA:15,1
DA:17,9
DA:18,9
DA:22,16
DA:23,10
DA:24,9
DA:25,9
DA:30,16
DA:31,16
DA:33,126
DA:35,474
DA:39,16
DA:40,0
DA:41,0
DA:44,16
DA:45,0
DA:46,0
DA:49,16
DA:82,3
DA:105,10
DA:107,0
DA:156,45
DA:158,0
DA:174,27
DA:176,0
DA:207,10
LF:36
LH:29
BRDA:13,0,0,1
BRDA:13,0,1,9
BRDA:15,1,0,1
BRDA:15,1,1,0
BRDA:23,2,0,9
BRDA:23,2,1,1
BRDA:31,3,0,6
BRDA:31,3,1,10
BRDA:49,4,0,1
BRDA:49,4,1,15
BRDA:97,5,0,6
BRDA:103,6,0,4
BRDA:113,7,0,10
BRDA:113,7,1,0
BRDA:181,8,0,27
BRDA:181,8,1,0
BRF:16
BRH:13
end_of_record
TN:
SF:lib\db.ts
FN:16,query
FNF:1
FNH:0
FNDA:0,query
DA:2,0
DA:3,0
DA:5,0
DA:7,0
DA:16,0
DA:17,0
DA:18,0
DA:19,0
DA:21,0
LF:9
LH:0
BRDA:8,0,0,0
BRDA:8,0,1,0
BRDA:11,1,0,0
BRDA:11,1,1,0
BRDA:16,2,0,0
BRF:5
BRH:0
end_of_record
TN:
SF:pages\_app.js
FN:5,MyApp
FNF:1
FNH:0
FNDA:0,MyApp
DA:1,0
DA:2,0
DA:3,0
DA:39,0
LF:4
LH:0
BRF:0
BRH:0
end_of_record
TN:
SF:pages\brand-recruitment.js
FN:5,(anonymous_2)
FN:64,(anonymous_3)
FN:82,(anonymous_4)
FN:104,(anonymous_5)
FNF:4
FNH:0
FNDA:0,(anonymous_2)
FNDA:0,(anonymous_3)
FNDA:0,(anonymous_4)
FNDA:0,(anonymous_5)
DA:1,0
DA:2,0
DA:3,0
DA:5,0
DA:6,0
DA:65,0
DA:83,0
DA:104,0
DA:153,0
LF:9
LH:0
BRF:0
BRH:0
end_of_record
TN:
SF:pages\cart.js
FN:6,(anonymous_5)
FN:12,(anonymous_6)
FN:14,(anonymous_7)
FN:16,(anonymous_8)
FN:19,(anonymous_9)
FN:21,(anonymous_10)
FN:42,(anonymous_11)
FN:48,(anonymous_12)
FN:73,(anonymous_13)
FN:82,(anonymous_14)
FN:98,(anonymous_15)
FN:105,(anonymous_16)
FN:114,(anonymous_17)
FN:129,(anonymous_18)
FN:160,(anonymous_19)
FN:174,(anonymous_20)
FN:185,(anonymous_21)
FN:195,(anonymous_22)
FN:203,(anonymous_23)
FNF:19
FNH:0
FNDA:0,(anonymous_5)
FNDA:0,(anonymous_6)
FNDA:0,(anonymous_7)
FNDA:0,(anonymous_8)
FNDA:0,(anonymous_9)
FNDA:0,(anonymous_10)
FNDA:0,(anonymous_11)
FNDA:0,(anonymous_12)
FNDA:0,(anonymous_13)
FNDA:0,(anonymous_14)
FNDA:0,(anonymous_15)
FNDA:0,(anonymous_16)
FNDA:0,(anonymous_17)
FNDA:0,(anonymous_18)
FNDA:0,(anonymous_19)
FNDA:0,(anonymous_20)
FNDA:0,(anonymous_21)
FNDA:0,(anonymous_22)
FNDA:0,(anonymous_23)
DA:1,0
DA:2,0
DA:3,0
DA:4,0
DA:6,0
DA:7,0
DA:8,0
DA:9,0
DA:10,0
DA:12,0
DA:13,0
DA:14,0
DA:15,0
DA:16,0
DA:19,0
DA:21,0
DA:22,0
DA:23,0
DA:24,0
DA:25,0
DA:29,0
DA:42,0
DA:48,0
DA:73,0
DA:83,0
DA:98,0
DA:105,0
DA:114,0
DA:130,0
DA:131,0
DA:160,0
DA:174,0
DA:185,0
DA:195,0
DA:203,0
DA:226,0
LF:36
LH:0
BRDA:24,0,0,0
BRDA:24,0,1,0
BRDA:29,1,0,0
BRDA:29,1,1,0
BRDA:70,2,0,0
BRDA:130,3,0,0
BRDA:130,3,1,0
BRDA:144,4,0,0
BRF:8
BRH:0
end_of_record
TN:
SF:pages\dashboard.js
FN:5,(anonymous_5)
FN:9,(anonymous_6)
FN:13,(anonymous_7)
FN:21,(anonymous_8)
FN:22,(anonymous_9)
FN:30,(anonymous_10)
FN:34,(anonymous_11)
FN:38,(anonymous_12)
FN:67,(anonymous_13)
FN:96,(anonymous_14)
FN:107,(anonymous_15)
FN:126,(anonymous_16)
FN:137,(anonymous_17)
FN:158,(anonymous_18)
FN:184,(anonymous_19)
FNF:15
FNH:0
FNDA:0,(anonymous_5)
FNDA:0,(anonymous_6)
FNDA:0,(anonymous_7)
FNDA:0,(anonymous_8)
FNDA:0,(anonymous_9)
FNDA:0,(anonymous_10)
FNDA:0,(anonymous_11)
FNDA:0,(anonymous_12)
FNDA:0,(anonymous_13)
FNDA:0,(anonymous_14)
FNDA:0,(anonymous_15)
FNDA:0,(anonymous_16)
FNDA:0,(anonymous_17)
FNDA:0,(anonymous_18)
FNDA:0,(anonymous_19)
DA:1,0
DA:2,0
DA:3,0
DA:5,0
DA:6,0
DA:7,0
DA:9,0
DA:10,0
DA:11,0
DA:13,0
DA:14,0
DA:21,0
DA:22,0
DA:23,0
DA:24,0
DA:26,0
DA:27,0
DA:30,0
DA:31,0
DA:34,0
DA:35,0
DA:38,0
DA:39,0
DA:40,0
DA:41,0
DA:42,0
DA:67,0
DA:97,0
DA:108,0
DA:127,0
DA:128,0
DA:137,0
DA:159,0
DA:185,0
DA:220,0
LF:35
LH:0
BRDA:10,0,0,0
BRDA:10,0,1,0
BRDA:23,1,0,0
BRDA:23,1,1,0
BRDA:40,2,0,0
BRDA:40,2,1,0
BRDA:92,3,0,0
BRDA:92,3,1,0
BRDA:116,4,0,0
BRDA:116,4,1,0
BRDA:117,5,0,0
BRDA:117,5,1,0
BRDA:124,6,0,0
BRDA:135,7,0,0
BRF:14
BRH:0
end_of_record
TN:
SF:pages\index.tsx
FN:49,HomePage
FN:54,(anonymous_3)
FN:108,(anonymous_4)
FN:114,(anonymous_5)
FN:156,(anonymous_6)
FN:184,(anonymous_7)
FN:187,(anonymous_8)
FN:237,(anonymous_9)
FN:243,(anonymous_10)
FN:268,(anonymous_11)
FN:277,(anonymous_12)
FN:286,(anonymous_13)
FN:311,(anonymous_14)
FN:321,(anonymous_15)
FN:334,(anonymous_16)
FNF:15
FNH:7
FNDA:12,HomePage
FNDA:6,(anonymous_3)
FNDA:0,(anonymous_4)
FNDA:0,(anonymous_5)
FNDA:48,(anonymous_6)
FNDA:48,(anonymous_7)
FNDA:0,(anonymous_8)
FNDA:0,(anonymous_9)
FNDA:0,(anonymous_10)
FNDA:0,(anonymous_11)
FNDA:0,(anonymous_12)
FNDA:0,(anonymous_13)
FNDA:48,(anonymous_14)
FNDA:48,(anonymous_15)
FNDA:36,(anonymous_16)
DA:1,1
DA:2,1
DA:3,1
DA:4,1
DA:5,1
DA:7,1
DA:42,1
DA:49,6
DA:50,12
DA:51,12
DA:52,12
DA:54,12
DA:55,6
DA:59,12
DA:108,0
DA:114,0
DA:157,48
DA:185,48
DA:187,0
DA:237,0
DA:243,0
DA:268,0
DA:277,0
DA:286,0
DA:312,48
DA:322,48
DA:335,36
LF:27
LH:19
BRDA:59,0,0,12
BRDA:59,0,1,6
BRDA:76,1,0,1
BRDA:84,2,0,1
BRDA:84,2,1,0
BRDA:214,3,0,12
BRDA:254,4,0,12
BRF:7
BRH:6
end_of_record
TN:
SF:pages\login.js
FN:6,(anonymous_5)
FN:25,(anonymous_6)
FN:27,(anonymous_7)
FN:63,(anonymous_8)
FN:150,(anonymous_9)
FN:167,(anonymous_10)
FN:177,(anonymous_11)
FN:196,(anonymous_12)
FN:208,(anonymous_13)
FN:239,(anonymous_14)
FN:251,(anonymous_15)
FN:263,(anonymous_16)
FN:275,(anonymous_17)
FN:303,(anonymous_18)
FN:310,(anonymous_19)
FN:317,(anonymous_20)
FN:332,(anonymous_21)
FNF:17
FNH:8
FNDA:21,(anonymous_5)
FNDA:3,(anonymous_6)
FNDA:4,(anonymous_7)
FNDA:0,(anonymous_8)
FNDA:63,(anonymous_9)
FNDA:0,(anonymous_10)
FNDA:1,(anonymous_11)
FNDA:3,(anonymous_12)
FNDA:3,(anonymous_13)
FNDA:0,(anonymous_14)
FNDA:0,(anonymous_15)
FNDA:0,(anonymous_16)
FNDA:0,(anonymous_17)
FNDA:0,(anonymous_18)
FNDA:0,(anonymous_19)
FNDA:0,(anonymous_20)
FNDA:63,(anonymous_21)
DA:1,1
DA:2,1
DA:3,1
DA:4,1
DA:6,1
DA:7,21
DA:8,21
DA:11,21
DA:12,21
DA:13,21
DA:14,21
DA:17,21
DA:18,21
DA:19,21
DA:20,21
DA:21,21
DA:22,21
DA:25,21
DA:27,21
DA:28,4
DA:29,4
DA:30,4
DA:31,3
DA:32,4
DA:33,4
DA:35,4
DA:36,2
DA:37,2
DA:40,2
DA:41,2
DA:43,2
DA:44,2
DA:50,2
DA:52,2
DA:53,1
DA:55,1
DA:58,0
DA:59,0
DA:63,21
DA:64,0
DA:65,0
DA:67,0
DA:68,0
DA:70,0
DA:71,0
DA:73,0
DA:74,0
DA:75,0
DA:77,0
DA:78,0
DA:79,0
DA:82,0
DA:83,0
DA:85,0
DA:86,0
DA:92,0
DA:93,0
DA:95,0
DA:96,0
DA:99,0
DA:105,0
DA:107,0
DA:109,0
DA:113,0
DA:114,0
DA:151,63
DA:167,0
DA:177,1
DA:196,3
DA:208,3
DA:239,0
DA:251,0
DA:263,0
DA:275,0
DA:303,0
DA:310,0
DA:317,0
DA:333,63
DA:347,8
LF:79
LH:43
BRDA:30,0,0,1
BRDA:30,0,1,3
BRDA:31,1,0,0
BRDA:31,1,1,3
BRDA:32,2,0,1
BRDA:32,2,1,3
BRDA:33,3,0,1
BRDA:33,3,1,3
BRDA:33,4,0,4
BRDA:33,4,1,3
BRDA:35,5,0,2
BRDA:35,5,1,2
BRDA:52,6,0,1
BRDA:52,6,1,1
BRDA:67,7,0,0
BRDA:67,7,1,0
BRDA:68,8,0,0
BRDA:68,8,1,0
BRDA:68,9,0,0
BRDA:68,9,1,0
BRDA:70,10,0,0
BRDA:70,10,1,0
BRDA:71,11,0,0
BRDA:71,11,1,0
BRDA:73,12,0,0
BRDA:73,12,1,0
BRDA:74,13,0,0
BRDA:74,13,1,0
BRDA:74,14,0,0
BRDA:74,14,1,0
BRDA:75,15,0,0
BRDA:75,15,1,0
BRDA:77,16,0,0
BRDA:77,16,1,0
BRDA:95,17,0,0
BRDA:95,17,1,0
BRDA:96,18,0,0
BRDA:96,18,1,0
BRDA:105,19,0,0
BRDA:105,19,1,0
BRDA:169,20,0,20
BRDA:169,20,1,1
BRDA:179,21,0,1
BRDA:179,21,1,20
BRDA:189,22,0,21
BRDA:198,23,0,1
BRDA:198,23,1,19
BRDA:200,24,0,20
BRDA:210,25,0,2
BRDA:210,25,1,18
BRDA:212,26,0,20
BRDA:215,27,0,20
BRDA:226,28,0,2
BRDA:226,28,1,18
BRDA:232,29,0,21
BRDA:241,30,0,0
BRDA:241,30,1,1
BRDA:243,31,0,1
BRDA:253,32,0,0
BRDA:253,32,1,1
BRDA:255,33,0,1
BRDA:265,34,0,0
BRDA:265,34,1,1
BRDA:267,35,0,1
BRDA:277,36,0,0
BRDA:277,36,1,1
BRDA:279,37,0,1
BRDA:282,38,0,1
BRDA:293,39,0,0
BRDA:293,39,1,1
BRF:70
BRH:38
end_of_record
TN:
SF:pages\orders.js
FN:5,(anonymous_5)
FN:9,(anonymous_6)
FN:26,(anonymous_7)
FN:30,(anonymous_8)
FN:53,(anonymous_9)
FN:74,(anonymous_10)
FNF:6
FNH:0
FNDA:0,(anonymous_5)
FNDA:0,(anonymous_6)
FNDA:0,(anonymous_7)
FNDA:0,(anonymous_8)
FNDA:0,(anonymous_9)
FNDA:0,(anonymous_10)
DA:1,0
DA:2,0
DA:3,0
DA:5,0
DA:6,0
DA:7,0
DA:9,0
DA:10,0
DA:11,0
DA:26,0
DA:31,0
DA:54,0
DA:75,0
DA:94,0
LF:14
LH:0
BRDA:10,0,0,0
BRDA:10,0,1,0
BRDA:24,1,0,0
BRDA:40,2,0,0
BRDA:40,2,1,0
BRDA:42,3,0,0
BRDA:42,3,1,0
BRDA:43,4,0,0
BRDA:43,4,1,0
BRDA:72,5,0,0
BRDA:72,5,1,0
BRDA:76,6,0,0
BRDA:76,6,1,0
BRDA:77,7,0,0
BRDA:77,7,1,0
BRF:15
BRH:0
end_of_record
TN:
SF:pages\recommendations.tsx
FN:23,RecommendationsPage
FN:30,(anonymous_3)
FN:39,(anonymous_4)
FN:102,(anonymous_5)
FNF:4
FNH:0
FNDA:0,RecommendationsPage
FNDA:0,(anonymous_3)
FNDA:0,(anonymous_4)
FNDA:0,(anonymous_5)
DA:1,0
DA:2,0
DA:3,0
DA:4,0
DA:5,0
DA:6,0
DA:23,0
DA:24,0
DA:25,0
DA:26,0
DA:27,0
DA:28,0
DA:30,0
DA:31,0
DA:32,0
DA:33,0
DA:34,0
DA:36,0
DA:39,0
DA:40,0
DA:41,0
DA:42,0
DA:43,0
DA:45,0
DA:46,0
DA:47,0
DA:50,0
DA:52,0
DA:56,0
DA:103,0
LF:30
LH:0
BRDA:31,0,0,0
BRDA:31,0,1,0
BRDA:32,1,0,0
BRDA:32,1,1,0
BRDA:45,2,0,0
BRDA:45,2,1,0
BRDA:56,3,0,0
BRDA:56,3,1,0
BRDA:56,4,0,0
BRDA:56,4,1,0
BRDA:83,5,0,0
BRDA:83,5,1,0
BRDA:90,6,0,0
BRDA:107,7,0,0
BRDA:107,7,1,0
BRDA:111,8,0,0
BRDA:118,9,0,0
BRDA:134,10,0,0
BRF:18
BRH:0
end_of_record
TN:
SF:pages\selection-process.js
FN:5,(anonymous_2)
FN:60,(anonymous_3)
FN:74,(anonymous_4)
FN:131,(anonymous_5)
FN:159,(anonymous_6)
FNF:5
FNH:0
FNDA:0,(anonymous_2)
FNDA:0,(anonymous_3)
FNDA:0,(anonymous_4)
FNDA:0,(anonymous_5)
FNDA:0,(anonymous_6)
DA:1,0
DA:2,0
DA:3,0
DA:5,0
DA:6,0
DA:29,0
DA:61,0
DA:75,0
DA:132,0
DA:160,0
DA:198,0
LF:11
LH:0
BRF:0
BRH:0
end_of_record
TN:
SF:pages\api\health-records.ts
FN:7,getSessionUser
FN:21,handler
FNF:2
FNH:2
FNDA:10,getSessionUser
FNDA:10,handler
DA:2,1
DA:3,1
DA:4,1
DA:8,10
DA:9,10
DA:10,1
DA:13,9
DA:18,9
DA:21,10
DA:22,10
DA:24,10
DA:25,1
DA:28,9
DA:29,3
DA:31,3
DA:32,3
DA:33,3
DA:35,3
DA:37,2
DA:41,2
DA:42,1
DA:45,1
DA:46,1
DA:49,1
DA:50,1
DA:53,2
DA:55,2
DA:56,2
DA:58,0
DA:59,0
DA:63,6
DA:74,2
DA:76,2
DA:77,1
DA:81,1
DA:85,1
DA:86,0
DA:89,1
DA:90,1
DA:91,1
DA:93,1
DA:112,1
DA:114,0
DA:115,0
DA:119,4
DA:120,3
DA:122,3
DA:123,1
DA:127,2
DA:132,2
DA:133,1
DA:136,1
DA:137,1
DA:142,1
DA:144,0
DA:145,0
DA:149,1
LF:57
LH:50
BRDA:9,0,0,1
BRDA:9,0,1,9
BRDA:18,1,0,9
BRDA:18,1,1,0
BRDA:24,2,0,1
BRDA:24,2,1,9
BRDA:28,3,0,3
BRDA:28,3,1,6
BRDA:35,4,0,2
BRDA:35,4,1,1
BRDA:41,5,0,1
BRDA:41,5,1,1
BRDA:63,6,0,2
BRDA:63,6,1,4
BRDA:76,7,0,1
BRDA:76,7,1,1
BRDA:76,8,0,2
BRDA:76,8,1,2
BRDA:76,8,2,1
BRDA:76,8,3,1
BRDA:85,9,0,0
BRDA:85,9,1,1
BRDA:104,10,0,1
BRDA:104,10,1,1
BRDA:106,11,0,1
BRDA:106,11,1,1
BRDA:107,12,0,1
BRDA:107,12,1,1
BRDA:108,13,0,1
BRDA:108,13,1,1
BRDA:109,14,0,1
BRDA:109,14,1,1
BRDA:119,15,0,3
BRDA:119,15,1,1
BRDA:122,16,0,1
BRDA:122,16,1,2
BRDA:132,17,0,1
BRDA:132,17,1,1
BRF:38
BRH:36
end_of_record
TN:
SF:pages\api\pets.ts
FN:7,getSessionUser
FN:22,handler
FNF:2
FNH:2
FNDA:6,getSessionUser
FNDA:6,handler
DA:2,1
DA:3,1
DA:4,1
DA:8,6
DA:9,6
DA:10,1
DA:14,5
DA:19,5
DA:22,6
DA:24,6
DA:26,6
DA:27,1
DA:30,5
DA:31,1
DA:33,1
DA:34,1
DA:35,1
DA:37,1
DA:38,0
DA:39,0
DA:42,1
DA:44,1
DA:46,1
DA:47,0
DA:48,0
DA:50,0
DA:53,1
DA:55,0
DA:56,0
DA:60,4
DA:71,3
DA:73,3
DA:74,2
DA:77,1
DA:78,1
DA:79,1
DA:81,1
DA:101,1
DA:103,0
DA:104,0
DA:108,1
DA:109,1
DA:111,1
DA:112,0
DA:115,1
DA:117,1
DA:122,1
DA:123,0
DA:126,1
DA:128,0
DA:129,0
DA:133,0
DA:145,0
DA:147,0
DA:148,0
DA:152,0
DA:157,0
DA:158,0
DA:162,0
DA:163,0
DA:164,0
DA:166,0
DA:167,0
DA:168,0
DA:170,0
DA:171,0
DA:172,0
DA:174,0
DA:175,0
DA:176,0
DA:178,0
DA:179,0
DA:180,0
DA:182,0
DA:183,0
DA:184,0
DA:186,0
DA:187,0
DA:188,0
DA:190,0
DA:191,0
DA:192,0
DA:194,0
DA:195,0
DA:196,0
DA:198,0
DA:199,0
DA:200,0
DA:203,0
DA:205,0
DA:206,0
DA:209,0
DA:211,0
DA:212,0
DA:217,0
DA:219,0
DA:220,0
DA:224,0
LF:98
LH:38
BRDA:9,0,0,1
BRDA:9,0,1,5
BRDA:19,1,0,5
BRDA:19,1,1,0
BRDA:26,2,0,1
BRDA:26,2,1,5
BRDA:30,3,0,1
BRDA:30,3,1,4
BRDA:37,4,0,0
BRDA:37,4,1,1
BRDA:46,5,0,0
BRDA:46,5,1,1
BRDA:47,6,0,0
BRDA:47,6,1,0
BRDA:60,7,0,3
BRDA:60,7,1,1
BRDA:73,8,0,2
BRDA:73,8,1,1
BRDA:73,9,0,3
BRDA:73,9,1,2
BRDA:92,10,0,1
BRDA:92,10,1,0
BRDA:93,11,0,1
BRDA:93,11,1,0
BRDA:94,12,0,1
BRDA:94,12,1,1
BRDA:95,13,0,1
BRDA:95,13,1,1
BRDA:96,14,0,1
BRDA:96,14,1,1
BRDA:97,15,0,1
BRDA:97,15,1,1
BRDA:98,16,0,1
BRDA:98,16,1,1
BRDA:108,17,0,1
BRDA:108,17,1,0
BRDA:111,18,0,0
BRDA:111,18,1,1
BRDA:122,19,0,0
BRDA:122,19,1,1
BRDA:133,20,0,0
BRDA:133,20,1,0
BRDA:147,21,0,0
BRDA:147,21,1,0
BRDA:157,22,0,0
BRDA:157,22,1,0
BRDA:166,23,0,0
BRDA:166,23,1,0
BRDA:170,24,0,0
BRDA:170,24,1,0
BRDA:174,25,0,0
BRDA:174,25,1,0
BRDA:178,26,0,0
BRDA:178,26,1,0
BRDA:182,27,0,0
BRDA:182,27,1,0
BRDA:186,28,0,0
BRDA:186,28,1,0
BRDA:190,29,0,0
BRDA:190,29,1,0
BRDA:194,30,0,0
BRDA:194,30,1,0
BRDA:198,31,0,0
BRDA:198,31,1,0
BRDA:205,32,0,0
BRDA:205,32,1,0
BRF:66
BRH:30
end_of_record
TN:
SF:pages\api\preferences.ts
FN:7,getSessionUser
FN:21,handler
FNF:2
FNH:2
FNDA:6,getSessionUser
FNDA:6,handler
DA:2,1
DA:3,1
DA:4,1
DA:8,6
DA:9,6
DA:10,1
DA:13,5
DA:18,5
DA:21,6
DA:22,6
DA:24,6
DA:25,1
DA:28,5
DA:29,2
DA:31,2
DA:32,2
DA:33,2
DA:35,2
DA:37,2
DA:41,2
DA:42,1
DA:45,1
DA:46,1
DA:49,0
DA:50,0
DA:53,1
DA:55,1
DA:56,1
DA:58,0
DA:59,0
DA:63,3
DA:70,2
DA:72,2
DA:73,1
DA:77,1
DA:81,1
DA:82,0
DA:85,1
DA:86,1
DA:87,1
DA:89,1
DA:103,1
DA:105,0
DA:106,0
DA:110,1
LF:45
LH:38
BRDA:9,0,0,1
BRDA:9,0,1,5
BRDA:18,1,0,5
BRDA:18,1,1,0
BRDA:24,2,0,1
BRDA:24,2,1,5
BRDA:28,3,0,2
BRDA:28,3,1,3
BRDA:35,4,0,2
BRDA:35,4,1,0
BRDA:41,5,0,1
BRDA:41,5,1,1
BRDA:63,6,0,2
BRDA:63,6,1,1
BRDA:72,7,0,1
BRDA:72,7,1,1
BRDA:72,8,0,2
BRDA:72,8,1,2
BRDA:81,9,0,0
BRDA:81,9,1,1
BRDA:98,10,0,1
BRDA:98,10,1,1
BRDA:99,11,0,1
BRDA:99,11,1,1
BRDA:100,12,0,1
BRDA:100,12,1,1
BRF:26
BRH:23
end_of_record
TN:
SF:pages\api\products.ts
FN:4,handler
FNF:1
FNH:1
FNDA:10,handler
DA:1,1
DA:4,10
DA:5,10
DA:6,1
DA:9,9
DA:19,9
DA:22,9
DA:23,2
DA:24,2
DA:25,1
DA:27,1
DA:31,7
DA:37,7
DA:38,7
DA:41,7
DA:42,1
DA:43,1
DA:44,1
DA:48,7
DA:49,1
DA:50,1
DA:51,1
DA:53,7
DA:54,1
DA:55,1
DA:56,1
DA:60,7
DA:61,1
DA:62,1
DA:63,1
DA:67,7
DA:68,1
DA:69,1
DA:70,1
DA:74,7
DA:77,7
DA:78,7
DA:79,7
DA:81,7
DA:82,7
DA:83,7
DA:85,7
DA:88,6
DA:89,6
DA:91,6
DA:98,1
DA:99,1
LF:47
LH:47
BRDA:5,0,0,1
BRDA:5,0,1,9
BRDA:17,1,0,8
BRDA:18,2,0,8
BRDA:22,3,0,2
BRDA:22,3,1,7
BRDA:24,4,0,1
BRDA:24,4,1,1
BRDA:41,5,0,1
BRDA:41,5,1,6
BRDA:48,6,0,1
BRDA:48,6,1,6
BRDA:53,7,0,1
BRDA:53,7,1,6
BRDA:60,8,0,1
BRDA:60,8,1,6
BRDA:67,9,0,1
BRDA:67,9,1,6
BRF:18
BRH:18
end_of_record
TN:
SF:pages\api\recommendations.ts
FN:7,calculateRecommendationScore
FN:102,handler
FN:174,(anonymous_3)
FN:188,generateRecommendationReason
FNF:4
FNH:3
FNDA:1,calculateRecommendationScore
FNDA:5,handler
FNDA:0,(anonymous_3)
FNDA:1,generateRecommendationReason
DA:1,1
DA:2,1
DA:3,1
DA:8,1
DA:11,1
DA:12,1
DA:14,1
DA:15,1
DA:16,1
DA:19,1
DA:20,0
DA:21,0
DA:26,1
DA:27,1
DA:28,1
DA:30,1
DA:32,0
DA:33,0
DA:35,1
DA:37,0
DA:38,0
DA:44,1
DA:45,0
DA:48,0
DA:49,0
DA:50,0
DA:55,0
DA:56,0
DA:57,0
DA:62,0
DA:63,0
DA:64,0
DA:69,0
DA:70,0
DA:71,0
DA:77,1
DA:78,1
DA:79,1
DA:81,0
DA:82,0
DA:85,0
DA:86,0
DA:92,1
DA:94,1
DA:95,0
DA:99,1
DA:102,5
DA:103,5
DA:104,1
DA:107,4
DA:109,4
DA:110,4
DA:111,1
DA:115,3
DA:116,2
DA:117,0
DA:119,2
DA:122,2
DA:123,2
DA:125,2
DA:127,1
DA:135,1
DA:139,1
DA:140,1
DA:143,1
DA:145,1
DA:146,1
DA:147,1
DA:150,1
DA:151,1
DA:153,1
DA:154,1
DA:165,1
DA:166,1
DA:167,1
DA:168,1
DA:169,1
DA:173,1
DA:174,0
DA:177,1
DA:182,1
DA:183,1
DA:189,1
DA:191,1
DA:192,1
DA:194,1
DA:195,1
DA:197,1
DA:198,0
DA:201,1
DA:202,1
DA:203,1
DA:204,1
DA:205,0
DA:206,1
DA:207,0
DA:211,1
DA:212,0
DA:213,0
DA:214,0
DA:216,0
DA:217,0
DA:219,0
DA:220,0
DA:224,1
LF:105
LH:69
BRDA:14,0,0,1
BRDA:14,0,1,0
BRDA:14,1,0,1
BRDA:14,1,1,0
BRDA:15,2,0,1
BRDA:15,2,1,0
BRDA:15,3,0,1
BRDA:15,3,1,0
BRDA:15,3,2,0
BRDA:19,4,0,0
BRDA:19,4,1,1
BRDA:19,5,0,1
BRDA:19,5,1,1
BRDA:20,6,0,0
BRDA:20,6,1,0
BRDA:20,7,0,0
BRDA:20,7,1,0
BRDA:20,7,2,0
BRDA:26,8,0,1
BRDA:26,8,1,0
BRDA:30,9,0,0
BRDA:30,9,1,1
BRDA:32,10,0,0
BRDA:32,10,1,0
BRDA:32,11,0,0
BRDA:32,11,1,0
BRDA:32,11,2,0
BRDA:35,12,0,0
BRDA:35,12,1,1
BRDA:37,13,0,0
BRDA:37,13,1,0
BRDA:37,14,0,0
BRDA:37,14,1,0
BRDA:37,14,2,0
BRDA:37,14,3,0
BRDA:48,15,0,0
BRDA:48,15,1,0
BRDA:48,16,0,0
BRDA:48,16,1,0
BRDA:48,16,2,0
BRDA:49,17,0,0
BRDA:49,17,1,0
BRDA:49,18,0,0
BRDA:49,18,1,0
BRDA:49,18,2,0
BRDA:55,19,0,0
BRDA:55,19,1,0
BRDA:55,20,0,0
BRDA:55,20,1,0
BRDA:55,20,2,0
BRDA:56,21,0,0
BRDA:56,21,1,0
BRDA:56,22,0,0
BRDA:56,22,1,0
BRDA:56,22,2,0
BRDA:62,23,0,0
BRDA:62,23,1,0
BRDA:62,24,0,0
BRDA:62,24,1,0
BRDA:62,24,2,0
BRDA:63,25,0,0
BRDA:63,25,1,0
BRDA:63,26,0,0
BRDA:63,26,1,0
BRDA:63,26,2,0
BRDA:69,27,0,0
BRDA:69,27,1,0
BRDA:69,28,0,0
BRDA:69,28,1,0
BRDA:69,28,2,0
BRDA:70,29,0,0
BRDA:70,29,1,0
BRDA:70,30,0,0
BRDA:70,30,1,0
BRDA:70,30,2,0
BRDA:77,31,0,1
BRDA:77,31,1,0
BRDA:79,32,0,0
BRDA:79,32,1,1
BRDA:79,33,0,1
BRDA:79,33,1,1
BRDA:81,34,0,0
BRDA:81,34,1,0
BRDA:81,35,0,0
BRDA:81,35,1,0
BRDA:81,35,2,0
BRDA:85,36,0,0
BRDA:85,36,1,0
BRDA:85,37,0,0
BRDA:85,37,1,0
BRDA:85,37,2,0
BRDA:92,38,0,1
BRDA:92,38,1,0
BRDA:94,39,0,0
BRDA:94,39,1,1
BRDA:94,40,0,1
BRDA:94,40,1,1
BRDA:94,40,2,1
BRDA:103,41,0,1
BRDA:103,41,1,4
BRDA:110,42,0,1
BRDA:110,42,1,3
BRDA:116,43,0,0
BRDA:116,43,1,2
BRDA:125,44,0,1
BRDA:125,44,1,1
BRDA:153,45,0,1
BRDA:153,45,1,0
BRDA:168,46,0,1
BRDA:168,46,1,0
BRDA:168,47,0,1
BRDA:168,47,1,0
BRDA:194,48,0,1
BRDA:194,48,1,0
BRDA:194,49,0,1
BRDA:194,49,1,1
BRDA:194,49,2,0
BRDA:197,50,0,0
BRDA:197,50,1,1
BRDA:197,51,0,1
BRDA:197,51,1,0
BRDA:197,51,2,0
BRDA:201,52,0,1
BRDA:201,52,1,0
BRDA:204,53,0,0
BRDA:204,53,1,1
BRDA:206,54,0,0
BRDA:206,54,1,1
BRDA:213,55,0,0
BRDA:213,55,1,0
BRDA:213,56,0,0
BRDA:213,56,1,0
BRDA:216,57,0,0
BRDA:216,57,1,0
BRDA:216,58,0,0
BRDA:216,58,1,0
BRDA:219,59,0,0
BRDA:219,59,1,0
BRDA:219,60,0,0
BRDA:219,60,1,0
BRDA:224,61,0,1
BRDA:224,61,1,0
BRF:142
BRH:38
end_of_record
TN:
SF:pages\api\auth\[...nextauth].ts
FN:17,(anonymous_4)
FN:53,(anonymous_5)
FN:59,(anonymous_6)
FNF:3
FNH:0
FNDA:0,(anonymous_4)
FNDA:0,(anonymous_5)
FNDA:0,(anonymous_6)
DA:1,0
DA:2,0
DA:3,0
DA:4,0
DA:6,0
DA:18,0
DA:19,0
DA:23,0
DA:28,0
DA:29,0
DA:30,0
DA:34,0
DA:39,0
DA:40,0
DA:43,0
DA:54,0
DA:55,0
DA:57,0
DA:60,0
DA:61,0
DA:63,0
DA:71,0
LF:22
LH:0
BRDA:18,0,0,0
BRDA:18,0,1,0
BRDA:18,1,0,0
BRDA:18,1,1,0
BRDA:29,2,0,0
BRDA:29,2,1,0
BRDA:39,3,0,0
BRDA:39,3,1,0
BRDA:54,4,0,0
BRDA:54,4,1,0
BRDA:60,5,0,0
BRDA:60,5,1,0
BRDA:60,6,0,0
BRDA:60,6,1,0
BRF:14
BRH:0
end_of_record
TN:
SF:pages\api\auth\register.ts
FN:6,handler
FNF:1
FNH:1
FNDA:8,handler
DA:1,1
DA:2,1
DA:4,1
DA:6,8
DA:7,8
DA:8,1
DA:11,7
DA:12,7
DA:15,7
DA:16,7
DA:19,7
DA:20,2
DA:24,5
DA:25,5
DA:26,2
DA:30,3
DA:31,3
DA:32,1
DA:38,2
DA:39,2
DA:40,1
DA:44,1
DA:45,1
DA:46,1
DA:48,1
DA:54,1
DA:59,0
DA:60,0
LF:28
LH:26
BRDA:7,0,0,1
BRDA:7,0,1,7
BRDA:15,1,0,6
BRDA:15,1,1,1
BRDA:16,2,0,2
BRDA:16,2,1,5
BRDA:19,3,0,2
BRDA:19,3,1,5
BRDA:19,4,0,7
BRDA:19,4,1,6
BRDA:25,5,0,2
BRDA:25,5,1,3
BRDA:31,6,0,1
BRDA:31,6,1,2
BRDA:39,7,0,1
BRDA:39,7,1,1
BRF:16
BRH:16
end_of_record
TN:
SF:pages\auth\register.tsx
FN:5,Register
FN:14,(anonymous_3)
FN:82,(anonymous_4)
FN:97,(anonymous_5)
FN:112,(anonymous_6)
FN:127,(anonymous_7)
FNF:6
FNH:0
FNDA:0,Register
FNDA:0,(anonymous_3)
FNDA:0,(anonymous_4)
FNDA:0,(anonymous_5)
FNDA:0,(anonymous_6)
FNDA:0,(anonymous_7)
DA:1,0
DA:2,0
DA:3,0
DA:5,0
DA:6,0
DA:7,0
DA:8,0
DA:9,0
DA:10,0
DA:11,0
DA:12,0
DA:14,0
DA:15,0
DA:16,0
DA:17,0
DA:20,0
DA:21,0
DA:22,0
DA:23,0
DA:26,0
DA:27,0
DA:28,0
DA:29,0
DA:32,0
DA:33,0
DA:39,0
DA:41,0
DA:42,0
DA:45,0
DA:48,0
DA:50,0
DA:82,0
DA:97,0
DA:112,0
DA:127,0
LF:35
LH:0
BRDA:20,0,0,0
BRDA:20,0,1,0
BRDA:26,1,0,0
BRDA:26,1,1,0
BRDA:41,2,0,0
BRDA:41,2,1,0
BRDA:42,3,0,0
BRDA:42,3,1,0
BRDA:132,4,0,0
BRDA:144,5,0,0
BRDA:144,5,1,0
BRF:11
BRH:0
end_of_record
TN:
SF:pages\auth\signin.tsx
FN:6,SignInPage
FN:13,handleSubmit
FN:72,(anonymous_4)
FN:83,(anonymous_5)
FN:107,(anonymous_6)
FNF:5
FNH:0
FNDA:0,SignInPage
FNDA:0,handleSubmit
FNDA:0,(anonymous_4)
FNDA:0,(anonymous_5)
FNDA:0,(anonymous_6)
DA:1,0
DA:2,0
DA:3,0
DA:4,0
DA:6,0
DA:7,0
DA:8,0
DA:9,0
DA:10,0
DA:11,0
DA:14,0
DA:15,0
DA:16,0
DA:18,0
DA:24,0
DA:26,0
DA:27,0
DA:29,0
DA:72,0
DA:83,0
DA:107,0
LF:21
LH:0
BRDA:26,0,0,0
BRDA:26,0,1,0
BRDA:89,1,0,0
BRDA:100,2,0,0
BRDA:100,2,1,0
BRF:5
BRH:0
end_of_record
TN:
SF:pages\auth\signup.tsx
FN:6,SignUpPage
FN:15,handleSubmit
FN:103,(anonymous_4)
FN:114,(anonymous_5)
FN:125,(anonymous_6)
FN:136,(anonymous_7)
FN:160,(anonymous_8)
FNF:7
FNH:0
FNDA:0,SignUpPage
FNDA:0,handleSubmit
FNDA:0,(anonymous_4)
FNDA:0,(anonymous_5)
FNDA:0,(anonymous_6)
FNDA:0,(anonymous_7)
FNDA:0,(anonymous_8)
DA:1,0
DA:2,0
DA:3,0
DA:4,0
DA:6,0
DA:7,0
DA:8,0
DA:9,0
DA:10,0
DA:11,0
DA:12,0
DA:13,0
DA:16,0
DA:17,0
DA:18,0
DA:20,0
DA:21,0
DA:22,0
DA:23,0
DA:26,0
DA:27,0
DA:28,0
DA:29,0
DA:32,0
DA:34,0
DA:40,0
DA:42,0
DA:43,0
DA:44,0
DA:45,0
DA:49,0
DA:55,0
DA:57,0
DA:58,0
DA:60,0
DA:103,0
DA:114,0
DA:125,0
DA:136,0
DA:160,0
LF:40
LH:0
BRDA:20,0,0,0
BRDA:20,0,1,0
BRDA:26,1,0,0
BRDA:26,1,1,0
BRDA:42,2,0,0
BRDA:42,2,1,0
BRDA:43,3,0,0
BRDA:43,3,1,0
BRDA:142,4,0,0
BRDA:153,5,0,0
BRDA:153,5,1,0
BRF:11
BRH:0
end_of_record
TN:
SF:pages\pets\[id].tsx
FN:7,PetDetailPage
FN:18,(anonymous_3)
FN:24,(anonymous_4)
FN:30,fetchPetDetails
FN:94,(anonymous_6)
FN:115,(anonymous_7)
FN:166,(anonymous_8)
FN:179,(anonymous_9)
FN:199,(anonymous_10)
FN:219,(anonymous_11)
FN:232,(anonymous_12)
FN:237,(anonymous_13)
FNF:12
FNH:0
FNDA:0,PetDetailPage
FNDA:0,(anonymous_3)
FNDA:0,(anonymous_4)
FNDA:0,fetchPetDetails
FNDA:0,(anonymous_6)
FNDA:0,(anonymous_7)
FNDA:0,(anonymous_8)
FNDA:0,(anonymous_9)
FNDA:0,(anonymous_10)
FNDA:0,(anonymous_11)
FNDA:0,(anonymous_12)
FNDA:0,(anonymous_13)
DA:1,0
DA:2,0
DA:3,0
DA:4,0
DA:5,0
DA:7,0
DA:8,0
DA:9,0
DA:10,0
DA:12,0
DA:13,0
DA:14,0
DA:15,0
DA:16,0
DA:18,0
DA:19,0
DA:20,0
DA:24,0
DA:25,0
DA:26,0
DA:31,0
DA:33,0
DA:34,0
DA:35,0
DA:36,0
DA:38,0
DA:39,0
DA:40,0
DA:41,0
DA:43,0
DA:44,0
DA:47,0
DA:48,0
DA:49,0
DA:52,0
DA:53,0
DA:54,0
DA:56,0
DA:57,0
DA:59,0
DA:63,0
DA:71,0
DA:79,0
DA:94,0
DA:115,0
DA:166,0
DA:180,0
DA:199,0
DA:219,0
DA:233,0
DA:238,0
LF:51
LH:0
BRDA:19,0,0,0
BRDA:19,0,1,0
BRDA:25,1,0,0
BRDA:25,1,1,0
BRDA:25,2,0,0
BRDA:25,2,1,0
BRDA:34,3,0,0
BRDA:34,3,1,0
BRDA:38,4,0,0
BRDA:38,4,1,0
BRDA:63,5,0,0
BRDA:63,5,1,0
BRDA:63,6,0,0
BRDA:63,6,1,0
BRDA:71,7,0,0
BRDA:71,7,1,0
BRDA:79,8,0,0
BRDA:79,8,1,0
BRDA:111,9,0,0
BRDA:111,9,1,0
BRDA:111,10,0,0
BRDA:111,10,1,0
BRDA:128,11,0,0
BRDA:134,12,0,0
BRDA:140,13,0,0
BRDA:146,14,0,0
BRDA:174,15,0,0
BRDA:190,16,0,0
BRDA:197,17,0,0
BRDA:227,18,0,0
BRDA:235,19,0,0
BRDA:238,20,0,0
BRDA:238,20,1,0
BRDA:244,21,0,0
BRF:34
BRH:0
end_of_record
TN:
SF:pages\pets\add.tsx
FN:7,AddPetPage
FN:24,(anonymous_3)
FN:38,handleChange
FN:46,handleSubmit
FN:286,(anonymous_6)
FNF:5
FNH:4
FNDA:11,AddPetPage
FNDA:5,(anonymous_3)
FNDA:2,handleChange
FNDA:2,handleSubmit
FNDA:0,(anonymous_6)
DA:1,1
DA:2,1
DA:3,1
DA:4,1
DA:5,1
DA:7,5
DA:8,11
DA:9,11
DA:10,11
DA:21,11
DA:22,11
DA:24,11
DA:25,5
DA:26,1
DA:30,11
DA:39,2
DA:40,2
DA:47,2
DA:48,2
DA:49,2
DA:51,2
DA:52,2
DA:59,2
DA:65,2
DA:66,1
DA:68,1
DA:69,1
DA:72,0
DA:73,0
DA:75,2
DA:286,0
LF:31
LH:28
BRDA:25,0,0,1
BRDA:25,0,1,4
BRDA:30,1,0,1
BRDA:30,1,1,10
BRDA:42,2,0,0
BRDA:42,2,1,2
BRDA:54,3,0,0
BRDA:54,3,1,2
BRDA:55,4,0,0
BRDA:55,4,1,2
BRDA:56,5,0,0
BRDA:56,5,1,2
BRDA:65,6,0,1
BRDA:65,6,1,1
BRDA:69,7,0,1
BRDA:69,7,1,0
BRDA:98,8,0,10
BRDA:170,9,0,0
BRDA:170,9,1,10
BRDA:187,10,0,0
BRDA:187,10,1,10
BRDA:282,11,0,2
BRDA:282,11,1,8
BRF:23
BRH:16
end_of_record
TN:
SF:pages\pets\index.tsx
FN:7,PetsPage
FN:13,(anonymous_3)
FN:21,fetchPets
FN:37,deletePet
FN:81,(anonymous_6)
FN:94,(anonymous_7)
FN:102,(anonymous_8)
FN:138,(anonymous_9)
FN:144,(anonymous_10)
FNF:9
FNH:0
FNDA:0,PetsPage
FNDA:0,(anonymous_3)
FNDA:0,fetchPets
FNDA:0,deletePet
FNDA:0,(anonymous_6)
FNDA:0,(anonymous_7)
FNDA:0,(anonymous_8)
FNDA:0,(anonymous_9)
FNDA:0,(anonymous_10)
DA:1,0
DA:2,0
DA:3,0
DA:4,0
DA:5,0
DA:7,0
DA:8,0
DA:9,0
DA:10,0
DA:11,0
DA:13,0
DA:14,0
DA:15,0
DA:16,0
DA:17,0
DA:22,0
DA:23,0
DA:24,0
DA:25,0
DA:26,0
DA:28,0
DA:29,0
DA:31,0
DA:33,0
DA:38,0
DA:40,0
DA:41,0
DA:45,0
DA:46,0
DA:49,0
DA:53,0
DA:81,0
DA:94,0
DA:103,0
DA:138,0
DA:144,0
LF:36
LH:0
BRDA:14,0,0,0
BRDA:14,0,1,0
BRDA:16,1,0,0
BRDA:16,1,1,0
BRDA:24,2,0,0
BRDA:24,2,1,0
BRDA:38,3,0,0
BRDA:38,3,1,0
BRDA:45,4,0,0
BRDA:45,4,1,0
BRDA:53,5,0,0
BRDA:53,5,1,0
BRDA:53,6,0,0
BRDA:53,6,1,0
BRDA:89,7,0,0
BRDA:109,8,0,0
BRDA:109,8,1,0
BRDA:109,9,0,0
BRDA:109,9,1,0
BRDA:119,10,0,0
BRDA:124,11,0,0
BRDA:129,12,0,0
BRF:22
BRH:0
end_of_record
TN:
SF:pages\pets\[id]\health-records.tsx
FN:7,HealthRecordsPage
FN:17,(anonymous_3)
FN:23,(anonymous_4)
FN:29,fetchData
FN:52,deleteRecord
FN:89,(anonymous_7)
FN:111,(anonymous_8)
FN:127,(anonymous_9)
FN:140,(anonymous_10)
FNF:9
FNH:0
FNDA:0,HealthRecordsPage
FNDA:0,(anonymous_3)
FNDA:0,(anonymous_4)
FNDA:0,fetchData
FNDA:0,deleteRecord
FNDA:0,(anonymous_7)
FNDA:0,(anonymous_8)
FNDA:0,(anonymous_9)
FNDA:0,(anonymous_10)
DA:1,0
DA:2,0
DA:3,0
DA:4,0
DA:5,0
DA:7,0
DA:8,0
DA:9,0
DA:10,0
DA:12,0
DA:13,0
DA:14,0
DA:15,0
DA:17,0
DA:18,0
DA:19,0
DA:23,0
DA:24,0
DA:25,0
DA:30,0
DA:32,0
DA:33,0
DA:34,0
DA:35,0
DA:39,0
DA:40,0
DA:41,0
DA:42,0
DA:45,0
DA:46,0
DA:48,0
DA:53,0
DA:55,0
DA:56,0
DA:60,0
DA:61,0
DA:64,0
DA:68,0
DA:89,0
DA:111,0
DA:128,0
DA:140,0
LF:42
LH:0
BRDA:18,0,0,0
BRDA:18,0,1,0
BRDA:24,1,0,0
BRDA:24,1,1,0
BRDA:24,2,0,0
BRDA:24,2,1,0
BRDA:33,3,0,0
BRDA:33,3,1,0
BRDA:40,4,0,0
BRDA:40,4,1,0
BRDA:53,5,0,0
BRDA:53,5,1,0
BRDA:60,6,0,0
BRDA:60,6,1,0
BRDA:68,7,0,0
BRDA:68,7,1,0
BRDA:68,8,0,0
BRDA:68,8,1,0
BRDA:102,9,0,0
BRDA:120,10,0,0
BRDA:147,11,0,0
BRDA:156,12,0,0
BRDA:164,13,0,0
BRDA:169,14,0,0
BRF:24
BRH:0
end_of_record
TN:
SF:pages\pets\[id]\health-records\add.tsx
FN:7,AddHealthRecordPage
FN:26,(anonymous_3)
FN:32,(anonymous_4)
FN:34,(anonymous_5)
FN:38,handleChange
FN:46,handleSubmit
FN:110,(anonymous_8)
FN:268,(anonymous_9)
FNF:8
FNH:0
FNDA:0,AddHealthRecordPage
FNDA:0,(anonymous_3)
FNDA:0,(anonymous_4)
FNDA:0,(anonymous_5)
FNDA:0,handleChange
FNDA:0,handleSubmit
FNDA:0,(anonymous_8)
FNDA:0,(anonymous_9)
DA:1,0
DA:2,0
DA:3,0
DA:4,0
DA:5,0
DA:7,0
DA:8,0
DA:9,0
DA:10,0
DA:12,0
DA:23,0
DA:24,0
DA:26,0
DA:27,0
DA:28,0
DA:32,0
DA:33,0
DA:34,0
DA:39,0
DA:40,0
DA:47,0
DA:48,0
DA:49,0
DA:51,0
DA:52,0
DA:53,0
DA:54,0
DA:57,0
DA:58,0
DA:70,0
DA:76,0
DA:77,0
DA:79,0
DA:80,0
DA:83,0
DA:84,0
DA:86,0
DA:90,0
DA:110,0
DA:268,0
LF:40
LH:0
BRDA:27,0,0,0
BRDA:27,0,1,0
BRDA:33,1,0,0
BRDA:33,1,1,0
BRDA:51,2,0,0
BRDA:51,2,1,0
BRDA:51,3,0,0
BRDA:51,3,1,0
BRDA:51,3,2,0
BRDA:51,3,3,0
BRDA:62,4,0,0
BRDA:62,4,1,0
BRDA:64,5,0,0
BRDA:64,5,1,0
BRDA:65,6,0,0
BRDA:65,6,1,0
BRDA:66,7,0,0
BRDA:66,7,1,0
BRDA:67,8,0,0
BRDA:67,8,1,0
BRDA:76,9,0,0
BRDA:76,9,1,0
BRDA:80,10,0,0
BRDA:80,10,1,0
BRDA:90,11,0,0
BRDA:90,11,1,0
BRDA:123,12,0,0
BRDA:264,13,0,0
BRDA:264,13,1,0
BRF:29
BRH:0
end_of_record
TN:
SF:pages\pets\edit\[id].tsx
FN:7,EditPetPage
FN:28,(anonymous_3)
FN:34,(anonymous_4)
FN:40,fetchPet
FN:74,handleChange
FN:82,handleSubmit
FN:338,(anonymous_8)
FNF:7
FNH:5
FNDA:10,EditPetPage
FNDA:5,(anonymous_3)
FNDA:5,(anonymous_4)
FNDA:3,fetchPet
FNDA:0,handleChange
FNDA:1,handleSubmit
FNDA:0,(anonymous_8)
DA:1,1
DA:2,1
DA:3,1
DA:4,1
DA:5,1
DA:7,5
DA:8,10
DA:9,10
DA:10,10
DA:12,10
DA:24,10
DA:25,10
DA:26,10
DA:28,10
DA:29,5
DA:30,1
DA:34,10
DA:35,5
DA:36,3
DA:41,3
DA:42,3
DA:43,3
DA:44,0
DA:45,0
DA:47,3
DA:48,1
DA:49,1
DA:50,1
DA:52,2
DA:54,2
DA:67,0
DA:68,0
DA:70,3
DA:75,0
DA:76,0
DA:83,1
DA:84,1
DA:85,1
DA:87,1
DA:88,1
DA:93,1
DA:94,1
DA:95,1
DA:96,1
DA:97,1
DA:98,1
DA:99,1
DA:100,1
DA:101,1
DA:103,1
DA:109,1
DA:110,1
DA:112,0
DA:113,0
DA:116,0
DA:117,0
DA:119,1
DA:123,10
DA:338,0
LF:59
LH:48
BRDA:29,0,0,1
BRDA:29,0,1,4
BRDA:35,1,0,3
BRDA:35,1,1,2
BRDA:35,2,0,5
BRDA:35,2,1,5
BRDA:43,3,0,0
BRDA:43,3,1,3
BRDA:47,4,0,1
BRDA:47,4,1,2
BRDA:56,5,0,2
BRDA:56,5,1,0
BRDA:57,6,0,2
BRDA:57,6,1,0
BRDA:58,7,0,2
BRDA:58,7,1,1
BRDA:59,8,0,2
BRDA:59,8,1,2
BRDA:60,9,0,0
BRDA:60,9,1,2
BRDA:61,10,0,2
BRDA:61,10,1,2
BRDA:62,11,0,0
BRDA:62,11,1,2
BRDA:62,12,0,2
BRDA:62,12,1,0
BRDA:63,13,0,2
BRDA:63,13,1,2
BRDA:64,14,0,2
BRDA:64,14,1,2
BRDA:78,15,0,0
BRDA:78,15,1,0
BRDA:95,16,0,0
BRDA:95,16,1,1
BRDA:96,17,0,0
BRDA:96,17,1,1
BRDA:97,18,0,0
BRDA:97,18,1,1
BRDA:98,19,0,0
BRDA:98,19,1,1
BRDA:99,20,0,0
BRDA:99,20,1,1
BRDA:100,21,0,0
BRDA:100,21,1,1
BRDA:109,22,0,1
BRDA:109,22,1,0
BRDA:113,23,0,0
BRDA:113,23,1,0
BRDA:123,24,0,5
BRDA:123,24,1,5
BRDA:123,25,0,10
BRDA:123,25,1,9
BRDA:150,26,0,5
BRDA:222,27,0,0
BRDA:222,27,1,5
BRDA:239,28,0,0
BRDA:239,28,1,5
BRDA:334,29,0,1
BRDA:334,29,1,4
BRF:59
BRH:40
end_of_record
TN:
SF:pages\product\detail.js
FN:7,(anonymous_2)
FN:12,(anonymous_3)
FN:14,(anonymous_4)
FN:19,(anonymous_5)
FN:56,(anonymous_6)
FN:92,(anonymous_7)
FN:138,(anonymous_8)
FN:151,(anonymous_9)
FNF:8
FNH:0
FNDA:0,(anonymous_2)
FNDA:0,(anonymous_3)
FNDA:0,(anonymous_4)
FNDA:0,(anonymous_5)
FNDA:0,(anonymous_6)
FNDA:0,(anonymous_7)
FNDA:0,(anonymous_8)
FNDA:0,(anonymous_9)
DA:1,0
DA:2,0
DA:3,0
DA:4,0
DA:5,0
DA:7,0
DA:8,0
DA:9,0
DA:12,0
DA:14,0
DA:15,0
DA:16,0
DA:19,0
DA:20,0
DA:21,0
DA:57,0
DA:93,0
DA:139,0
DA:151,0
DA:179,0
LF:20
LH:0
BRDA:12,0,0,0
BRDA:12,0,1,0
BRDA:57,1,0,0
BRDA:57,1,1,0
BRF:4
BRH:0
end_of_record
TN:
SF:pages\products\[id].tsx
FN:22,ProductDetailPage
FN:29,(anonymous_3)
FN:35,(anonymous_4)
FN:91,(anonymous_5)
FN:99,(anonymous_6)
FN:128,(anonymous_7)
FN:178,(anonymous_8)
FNF:7
FNH:0
FNDA:0,ProductDetailPage
FNDA:0,(anonymous_3)
FNDA:0,(anonymous_4)
FNDA:0,(anonymous_5)
FNDA:0,(anonymous_6)
FNDA:0,(anonymous_7)
FNDA:0,(anonymous_8)
DA:1,0
DA:2,0
DA:3,0
DA:4,0
DA:22,0
DA:23,0
DA:24,0
DA:25,0
DA:26,0
DA:27,0
DA:29,0
DA:30,0
DA:31,0
DA:35,0
DA:36,0
DA:37,0
DA:38,0
DA:39,0
DA:40,0
DA:43,0
DA:45,0
DA:49,0
DA:53,0
DA:92,0
DA:99,0
DA:129,0
DA:179,0
LF:27
LH:0
BRDA:30,0,0,0
BRDA:30,0,1,0
BRDA:39,1,0,0
BRDA:39,1,1,0
BRDA:49,2,0,0
BRDA:49,2,1,0
BRDA:53,3,0,0
BRDA:53,3,1,0
BRDA:84,4,0,0
BRDA:84,4,1,0
BRDA:89,5,0,0
BRDA:89,5,1,0
BRDA:97,6,0,0
BRDA:97,6,1,0
BRDA:108,7,0,0
BRDA:124,8,0,0
BRDA:124,8,1,0
BRDA:132,9,0,0
BRDA:132,9,1,0
BRDA:159,10,0,0
BRDA:174,11,0,0
BRDA:174,11,1,0
BRF:22
BRH:0
end_of_record
TN:
SF:pages\products\index.tsx
FN:18,ProductsPage
FN:26,(anonymous_3)
FN:31,(anonymous_4)
FN:36,(anonymous_5)
FN:44,(anonymous_6)
FN:90,(anonymous_7)
FN:95,(anonymous_8)
FN:99,(anonymous_9)
FN:117,(anonymous_10)
FNF:9
FNH:0
FNDA:0,ProductsPage
FNDA:0,(anonymous_3)
FNDA:0,(anonymous_4)
FNDA:0,(anonymous_5)
FNDA:0,(anonymous_6)
FNDA:0,(anonymous_7)
FNDA:0,(anonymous_8)
FNDA:0,(anonymous_9)
FNDA:0,(anonymous_10)
DA:1,0
DA:2,0
DA:3,0
DA:4,0
DA:5,0
DA:18,0
DA:19,0
DA:20,0
DA:21,0
DA:22,0
DA:23,0
DA:24,0
DA:26,0
DA:27,0
DA:28,0
DA:31,0
DA:32,0
DA:33,0
DA:34,0
DA:35,0
DA:36,0
DA:37,0
DA:40,0
DA:44,0
DA:45,0
DA:46,0
DA:47,0
DA:48,0
DA:49,0
DA:51,0
DA:52,0
DA:53,0
DA:55,0
DA:57,0
DA:90,0
DA:95,0
DA:100,0
DA:118,0
LF:38
LH:0
BRDA:35,0,0,0
BRDA:35,0,1,0
BRDA:48,1,0,0
BRDA:48,1,1,0
BRDA:49,2,0,0
BRDA:49,2,1,0
BRDA:53,3,0,0
BRDA:53,3,1,0
BRDA:107,4,0,0
BRDA:111,5,0,0
BRDA:122,6,0,0
BRDA:122,6,1,0
BRDA:126,7,0,0
BRF:13
BRH:0
end_of_record
TN:
SF:utils\cart-util.js
FN:1,(anonymous_7)
FN:7,(anonymous_8)
FN:9,(anonymous_9)
FN:19,(anonymous_10)
FN:20,(anonymous_11)
FN:25,(anonymous_12)
FN:27,(anonymous_13)
FN:42,(anonymous_14)
FN:47,(anonymous_15)
FN:56,(anonymous_16)
FNF:10
FNH:0
FNDA:0,(anonymous_7)
FNDA:0,(anonymous_8)
FNDA:0,(anonymous_9)
FNDA:0,(anonymous_10)
FNDA:0,(anonymous_11)
FNDA:0,(anonymous_12)
FNDA:0,(anonymous_13)
FNDA:0,(anonymous_14)
FNDA:0,(anonymous_15)
FNDA:0,(anonymous_16)
DA:1,0
DA:2,0
DA:3,0
DA:4,0
DA:7,0
DA:8,0
DA:9,0
DA:10,0
DA:11,0
DA:13,0
DA:15,0
DA:16,0
DA:19,0
DA:20,0
DA:21,0
DA:22,0
DA:25,0
DA:26,0
DA:27,0
DA:28,0
DA:30,0
DA:33,0
DA:34,0
DA:35,0
DA:38,0
DA:39,0
DA:42,0
DA:43,0
DA:44,0
DA:47,0
DA:48,0
DA:49,0
DA:51,0
DA:52,0
DA:56,0
DA:62,0
DA:63,0
DA:64,0
DA:65,0
LF:39
LH:0
BRDA:2,0,0,0
BRDA:2,0,1,0
BRDA:4,1,0,0
BRDA:4,1,1,0
BRDA:10,2,0,0
BRDA:10,2,1,0
BRDA:28,3,0,0
BRDA:28,3,1,0
BRDA:33,4,0,0
BRDA:33,4,1,0
BRDA:49,5,0,0
BRDA:49,5,1,0
BRDA:51,6,0,0
BRDA:51,6,1,0
BRF:14
BRH:0
end_of_record
